#
# There is insufficient memory for the Java Runtime Environment to continue.
# Native memory allocation (malloc) failed to allocate 1379696 bytes for Chunk::new
# Possible reasons:
#   The system is out of physical RAM or swap space
#   The process is running with CompressedOops enabled, and the Java Heap may be blocking the growth of the native heap
# Possible solutions:
#   Reduce memory load on the system
#   Increase physical memory or swap space
#   Check if swap backing store is full
#   Decrease Java heap size (-Xmx/-Xms)
#   Decrease number of Java threads
#   Decrease Java thread stack sizes (-Xss)
#   Set larger code cache with -XX:ReservedCodeCacheSize=
#   JVM is running with Unscaled Compressed Oops mode in which the Java heap is
#     placed in the first 4GB address space. The Java Heap base address is the
#     maximum limit for the native heap growth. Please use -XX:HeapBaseMinAddress
#     to set the Java Heap base and to place the Java Heap above 4GB virtual address.
# This output file may be truncated or incomplete.
#
#  Out of Memory Error (t:/workspace/open/src/hotspot/share/memory/arena.cpp:197), pid=24416, tid=12052
#
# JRE version: OpenJDK Runtime Environment (11.0.2+9) (build 11.0.2+9)
# Java VM: OpenJDK 64-Bit Server VM (11.0.2+9, mixed mode, tiered, compressed oops, g1 gc, windows-amd64)
# No core dump will be written. Minidumps are not enabled by default on client versions of Windows
#

---------------  S U M M A R Y ------------

Command Line: -Dfile.encoding=x-windows-949 -Duser.country=KR -Duser.language=ko -Duser.variant com.community.hoxy.HoxyApplication

Host: Intel(R) Core(TM) i5-9500 CPU @ 3.00GHz, 6 cores, 7G,  Windows 10 , 64 bit Build 19041 (10.0.19041.3031)
Time: Tue Nov 21 19:10:25 2023 대한민국 표준시 elapsed time: 17808 seconds (0d 4h 56m 48s)

---------------  T H R E A D  ---------------

Current thread (0x000001657493e800):  JavaThread "C2 CompilerThread0" daemon [_thread_in_native, id=12052, stack(0x00000054c7e00000,0x00000054c7f00000)]


Current CompileTask:
C2:17808525 6479       4       sun.security.ssl.SSLAlgorithmDecomposer::decomposes (175 bytes)

Stack: [0x00000054c7e00000,0x00000054c7f00000]
Native frames: (J=compiled Java code, j=interpreted, Vv=VM code, C=native code)
V  [jvm.dll+0x63489a]
V  [jvm.dll+0x771f9f]
V  [jvm.dll+0x773648]
V  [jvm.dll+0x773d03]
V  [jvm.dll+0x25eba8]
V  [jvm.dll+0xc2191]
V  [jvm.dll+0xc271c]
V  [jvm.dll+0x36cc47]
V  [jvm.dll+0x1a95df]
V  [jvm.dll+0x218ad2]
V  [jvm.dll+0x217b6a]
V  [jvm.dll+0x194370]
V  [jvm.dll+0x226b3f]
V  [jvm.dll+0x225148]
V  [jvm.dll+0x73774d]
V  [jvm.dll+0x633942]
C  [ucrtbase.dll+0x21bb2]
C  [KERNEL32.DLL+0x17614]
C  [ntdll.dll+0x526f1]


---------------  P R O C E S S  ---------------

Threads class SMR info:
_java_thread_list=0x0000016577c49260, length=29, elements={
0x0000016574025000, 0x000001657402f000, 0x000001657404b800, 0x000001657493b800,
0x000001657493e800, 0x0000016574945800, 0x0000016574055800, 0x0000016574ac0800,
0x0000016574acc800, 0x000001657ab81800, 0x000001657ab82000, 0x00000165791c3000,
0x0000016579317000, 0x0000016579646800, 0x00000165796ce800, 0x000001657c136000,
0x000001657c535000, 0x000001657c534000, 0x000001657c536800, 0x000001657c535800,
0x000001657c539800, 0x000001657c537800, 0x000001657c538000, 0x000001657c539000,
0x000001657c53a800, 0x000001657c3af800, 0x000001657c3b2800, 0x000001657c3b1000,
0x000001657c3ad800
}

Java Threads: ( => current thread )
  0x0000016574025000 JavaThread "Reference Handler" daemon [_thread_blocked, id=24096, stack(0x00000054c7a00000,0x00000054c7b00000)]
  0x000001657402f000 JavaThread "Finalizer" daemon [_thread_blocked, id=22216, stack(0x00000054c7b00000,0x00000054c7c00000)]
  0x000001657404b800 JavaThread "Signal Dispatcher" daemon [_thread_blocked, id=8092, stack(0x00000054c7c00000,0x00000054c7d00000)]
  0x000001657493b800 JavaThread "Attach Listener" daemon [_thread_blocked, id=5072, stack(0x00000054c7d00000,0x00000054c7e00000)]
=>0x000001657493e800 JavaThread "C2 CompilerThread0" daemon [_thread_in_native, id=12052, stack(0x00000054c7e00000,0x00000054c7f00000)]
  0x0000016574945800 JavaThread "C1 CompilerThread0" daemon [_thread_blocked, id=25432, stack(0x00000054c7f00000,0x00000054c8000000)]
  0x0000016574055800 JavaThread "Sweeper thread" daemon [_thread_blocked, id=21068, stack(0x00000054c8000000,0x00000054c8100000)]
  0x0000016574ac0800 JavaThread "Service Thread" daemon [_thread_blocked, id=20496, stack(0x00000054c8100000,0x00000054c8200000)]
  0x0000016574acc800 JavaThread "Common-Cleaner" daemon [_thread_blocked, id=13656, stack(0x00000054c8300000,0x00000054c8400000)]
  0x000001657ab81800 JavaThread "Catalina-utility-1" [_thread_blocked, id=23544, stack(0x00000054c8700000,0x00000054c8800000)]
  0x000001657ab82000 JavaThread "Catalina-utility-2" [_thread_blocked, id=20608, stack(0x00000054c8a00000,0x00000054c8b00000)]
  0x00000165791c3000 JavaThread "container-0" [_thread_blocked, id=23752, stack(0x00000054c8b00000,0x00000054c8c00000)]
  0x0000016579317000 JavaThread "mysql-cj-abandoned-connection-cleanup" daemon [_thread_blocked, id=24756, stack(0x00000054c8c00000,0x00000054c8d00000)]
  0x0000016579646800 JavaThread "HikariPool-1 housekeeper" daemon [_thread_blocked, id=9940, stack(0x00000054c9000000,0x00000054c9100000)]
  0x00000165796ce800 JavaThread "http-nio-8080-exec-1" daemon [_thread_blocked, id=11084, stack(0x00000054c9200000,0x00000054c9300000)]
  0x000001657c136000 JavaThread "http-nio-8080-exec-2" daemon [_thread_blocked, id=4412, stack(0x00000054c9300000,0x00000054c9400000)]
  0x000001657c535000 JavaThread "http-nio-8080-exec-3" daemon [_thread_blocked, id=17620, stack(0x00000054c9400000,0x00000054c9500000)]
  0x000001657c534000 JavaThread "http-nio-8080-exec-4" daemon [_thread_blocked, id=18504, stack(0x00000054c9500000,0x00000054c9600000)]
  0x000001657c536800 JavaThread "http-nio-8080-exec-5" daemon [_thread_blocked, id=20948, stack(0x00000054c9600000,0x00000054c9700000)]
  0x000001657c535800 JavaThread "http-nio-8080-exec-6" daemon [_thread_blocked, id=9884, stack(0x00000054c9700000,0x00000054c9800000)]
  0x000001657c539800 JavaThread "http-nio-8080-exec-7" daemon [_thread_blocked, id=12280, stack(0x00000054c9800000,0x00000054c9900000)]
  0x000001657c537800 JavaThread "http-nio-8080-exec-8" daemon [_thread_blocked, id=9320, stack(0x00000054c9900000,0x00000054c9a00000)]
  0x000001657c538000 JavaThread "http-nio-8080-exec-9" daemon [_thread_blocked, id=21100, stack(0x00000054c9a00000,0x00000054c9b00000)]
  0x000001657c539000 JavaThread "http-nio-8080-exec-10" daemon [_thread_blocked, id=796, stack(0x00000054c9b00000,0x00000054c9c00000)]
  0x000001657c53a800 JavaThread "http-nio-8080-Poller" daemon [_thread_in_native, id=11864, stack(0x00000054c9c00000,0x00000054c9d00000)]
  0x000001657c3af800 JavaThread "http-nio-8080-Acceptor" daemon [_thread_in_native, id=22628, stack(0x00000054c9d00000,0x00000054c9e00000)]
  0x000001657c3b2800 JavaThread "DestroyJavaVM" [_thread_blocked, id=25268, stack(0x00000054c7300000,0x00000054c7400000)]
  0x000001657c3b1000 JavaThread "HikariPool-1 connection closer" daemon [_thread_blocked, id=20388, stack(0x00000054c7000000,0x00000054c7100000)]
  0x000001657c3ad800 JavaThread "HikariPool-1 connection adder" daemon [_thread_blocked, id=1324, stack(0x00000054c7100000,0x00000054c7200000)]

Other Threads:
  0x0000016574020800 VMThread "VM Thread" [stack: 0x00000054c7900000,0x00000054c7a00000] [id=25188]
  0x0000016574ac3800 WatcherThread [stack: 0x00000054c8200000,0x00000054c8300000] [id=22336]
  0x00000165559bc000 GCTaskThread "GC Thread#0" [stack: 0x00000054c7400000,0x00000054c7500000] [id=7460]
  0x0000016575783000 GCTaskThread "GC Thread#1" [stack: 0x00000054c8500000,0x00000054c8600000] [id=25252]
  0x0000016575407800 GCTaskThread "GC Thread#2" [stack: 0x00000054c8600000,0x00000054c8700000] [id=3740]
  0x000001657757b800 GCTaskThread "GC Thread#3" [stack: 0x00000054c8800000,0x00000054c8900000] [id=16180]
  0x0000016577c0a000 GCTaskThread "GC Thread#4" [stack: 0x00000054c8d00000,0x00000054c8e00000] [id=14836]
  0x0000016577c0b000 GCTaskThread "GC Thread#5" [stack: 0x00000054c8e00000,0x00000054c8f00000] [id=24044]
  0x00000165559ef800 ConcurrentGCThread "G1 Main Marker" [stack: 0x00000054c7500000,0x00000054c7600000] [id=16740]
  0x00000165559f1000 ConcurrentGCThread "G1 Conc#0" [stack: 0x00000054c7600000,0x00000054c7700000] [id=7220]
  0x0000016575588800 ConcurrentGCThread "G1 Conc#1" [stack: 0x00000054c8900000,0x00000054c8a00000] [id=22140]
  0x0000016555a77800 ConcurrentGCThread "G1 Refine#0" [stack: 0x00000054c7700000,0x00000054c7800000] [id=17440]
  0x0000016573e71800 ConcurrentGCThread "G1 Young RemSet Sampling" [stack: 0x00000054c7800000,0x00000054c7900000] [id=7876]

Threads with active compile tasks:
C2 CompilerThread06479       4       sun.security.ssl.SSLAlgorithmDecomposer::decomposes (175 bytes)

VM state:not at safepoint (normal execution)

VM Mutex/Monitor currently owned by a thread: None

Heap address: 0x0000000083600000, size: 1994 MB, Compressed Oops mode: 32-bit
Narrow klass base: 0x0000000000000000, Narrow klass shift: 3
Compressed class space size: 1073741824 Address: 0x0000000100000000

Heap:
 garbage-first heap   total 187392K, used 34506K [0x0000000083600000, 0x0000000100000000)
  region size 1024K, 15 young (15360K), 9 survivors (9216K)
 Metaspace       used 70242K, capacity 72036K, committed 72268K, reserved 1112064K
  class space    used 8785K, capacity 9491K, committed 9548K, reserved 1048576K
Heap Regions: E=young(eden), S=young(survivor), O=old, HS=humongous(starts), HC=humongous(continues), CS=collection set, F=free, A=archive, TAMS=top-at-mark-start (previous, next)
|   0|0x0000000083600000, 0x0000000083700000, 0x0000000083700000|100%|HS|  |TAMS 0x0000000083700000, 0x0000000083600000| Complete 
|   1|0x0000000083700000, 0x0000000083800000, 0x0000000083800000|100%| O|  |TAMS 0x0000000083800000, 0x0000000083700000| Untracked 
|   2|0x0000000083800000, 0x0000000083900000, 0x0000000083900000|100%| O|  |TAMS 0x0000000083900000, 0x0000000083800000| Untracked 
|   3|0x0000000083900000, 0x0000000083a00000, 0x0000000083a00000|100%| O|  |TAMS 0x0000000083a00000, 0x0000000083900000| Untracked 
|   4|0x0000000083a00000, 0x0000000083b00000, 0x0000000083b00000|100%| O|  |TAMS 0x0000000083b00000, 0x0000000083a00000| Untracked 
|   5|0x0000000083b00000, 0x0000000083c00000, 0x0000000083c00000|100%| O|  |TAMS 0x0000000083c00000, 0x0000000083b00000| Untracked 
|   6|0x0000000083c00000, 0x0000000083d00000, 0x0000000083d00000|100%| O|  |TAMS 0x0000000083d00000, 0x0000000083c00000| Untracked 
|   7|0x0000000083d00000, 0x0000000083e00000, 0x0000000083e00000|100%| O|  |TAMS 0x0000000083e00000, 0x0000000083d00000| Untracked 
|   8|0x0000000083e00000, 0x0000000083f00000, 0x0000000083f00000|100%| O|  |TAMS 0x0000000083f00000, 0x0000000083e00000| Untracked 
|   9|0x0000000083f00000, 0x0000000084000000, 0x0000000084000000|100%| O|  |TAMS 0x0000000084000000, 0x0000000083f00000| Untracked 
|  10|0x0000000084000000, 0x0000000084100000, 0x0000000084100000|100%| O|  |TAMS 0x0000000084100000, 0x0000000084000000| Untracked 
|  11|0x0000000084100000, 0x0000000084200000, 0x0000000084200000|100%| O|  |TAMS 0x0000000084200000, 0x0000000084100000| Untracked 
|  12|0x0000000084200000, 0x0000000084300000, 0x0000000084300000|100%| O|  |TAMS 0x0000000084300000, 0x0000000084200000| Untracked 
|  13|0x0000000084300000, 0x0000000084400000, 0x0000000084400000|100%| O|  |TAMS 0x0000000084400000, 0x0000000084300000| Untracked 
|  14|0x0000000084400000, 0x0000000084500000, 0x0000000084500000|100%| O|  |TAMS 0x0000000084500000, 0x0000000084400000| Untracked 
|  15|0x0000000084500000, 0x0000000084600000, 0x0000000084600000|100%| O|  |TAMS 0x0000000084600000, 0x0000000084500000| Untracked 
|  16|0x0000000084600000, 0x0000000084700000, 0x0000000084700000|100%| O|  |TAMS 0x0000000084630400, 0x0000000084600000| Untracked 
|  17|0x0000000084700000, 0x0000000084800000, 0x0000000084800000|100%| O|  |TAMS 0x0000000084700000, 0x0000000084700000| Untracked 
|  18|0x0000000084800000, 0x0000000084900000, 0x0000000084900000|100%| O|  |TAMS 0x0000000084800000, 0x0000000084800000| Untracked 
|  19|0x0000000084900000, 0x00000000849dbe00, 0x0000000084a00000| 85%| O|  |TAMS 0x0000000084900000, 0x0000000084900000| Untracked 
|  20|0x0000000084a00000, 0x0000000084a00000, 0x0000000084b00000|  0%| F|  |TAMS 0x0000000084a00000, 0x0000000084a00000| Untracked 
|  21|0x0000000084b00000, 0x0000000084b00000, 0x0000000084c00000|  0%| F|  |TAMS 0x0000000084b00000, 0x0000000084b00000| Untracked 
|  22|0x0000000084c00000, 0x0000000084c00000, 0x0000000084d00000|  0%| F|  |TAMS 0x0000000084c00000, 0x0000000084c00000| Untracked 
|  23|0x0000000084d00000, 0x0000000084d00000, 0x0000000084e00000|  0%| F|  |TAMS 0x0000000084d00000, 0x0000000084d00000| Untracked 
|  24|0x0000000084e00000, 0x0000000084e00000, 0x0000000084f00000|  0%| F|  |TAMS 0x0000000084e00000, 0x0000000084e00000| Untracked 
|  25|0x0000000084f00000, 0x0000000084f00000, 0x0000000085000000|  0%| F|  |TAMS 0x0000000084f00000, 0x0000000084f00000| Untracked 
|  26|0x0000000085000000, 0x0000000085000000, 0x0000000085100000|  0%| F|  |TAMS 0x0000000085000000, 0x0000000085000000| Untracked 
|  27|0x0000000085100000, 0x0000000085100000, 0x0000000085200000|  0%| F|  |TAMS 0x0000000085100000, 0x0000000085100000| Untracked 
|  28|0x0000000085200000, 0x0000000085200000, 0x0000000085300000|  0%| F|  |TAMS 0x0000000085200000, 0x0000000085200000| Untracked 
|  29|0x0000000085300000, 0x0000000085300000, 0x0000000085400000|  0%| F|  |TAMS 0x0000000085300000, 0x0000000085300000| Untracked 
|  30|0x0000000085400000, 0x0000000085400000, 0x0000000085500000|  0%| F|  |TAMS 0x0000000085400000, 0x0000000085400000| Untracked 
|  31|0x0000000085500000, 0x0000000085500000, 0x0000000085600000|  0%| F|  |TAMS 0x0000000085500000, 0x0000000085500000| Untracked 
|  32|0x0000000085600000, 0x0000000085600000, 0x0000000085700000|  0%| F|  |TAMS 0x0000000085600000, 0x0000000085600000| Untracked 
|  33|0x0000000085700000, 0x0000000085700000, 0x0000000085800000|  0%| F|  |TAMS 0x0000000085700000, 0x0000000085700000| Untracked 
|  34|0x0000000085800000, 0x0000000085800000, 0x0000000085900000|  0%| F|  |TAMS 0x0000000085800000, 0x0000000085800000| Untracked 
|  35|0x0000000085900000, 0x0000000085900000, 0x0000000085a00000|  0%| F|  |TAMS 0x0000000085900000, 0x0000000085900000| Untracked 
|  36|0x0000000085a00000, 0x0000000085a00000, 0x0000000085b00000|  0%| F|  |TAMS 0x0000000085a00000, 0x0000000085a00000| Untracked 
|  37|0x0000000085b00000, 0x0000000085b00000, 0x0000000085c00000|  0%| F|  |TAMS 0x0000000085b00000, 0x0000000085b00000| Untracked 
|  38|0x0000000085c00000, 0x0000000085c00000, 0x0000000085d00000|  0%| F|  |TAMS 0x0000000085c00000, 0x0000000085c00000| Untracked 
|  39|0x0000000085d00000, 0x0000000085d00000, 0x0000000085e00000|  0%| F|  |TAMS 0x0000000085d00000, 0x0000000085d00000| Untracked 
|  40|0x0000000085e00000, 0x0000000085e00000, 0x0000000085f00000|  0%| F|  |TAMS 0x0000000085e00000, 0x0000000085e00000| Untracked 
|  41|0x0000000085f00000, 0x0000000085f00000, 0x0000000086000000|  0%| F|  |TAMS 0x0000000085f00000, 0x0000000085f00000| Untracked 
|  42|0x0000000086000000, 0x0000000086000000, 0x0000000086100000|  0%| F|  |TAMS 0x0000000086000000, 0x0000000086000000| Untracked 
|  43|0x0000000086100000, 0x0000000086100000, 0x0000000086200000|  0%| F|  |TAMS 0x0000000086100000, 0x0000000086100000| Untracked 
|  44|0x0000000086200000, 0x0000000086200000, 0x0000000086300000|  0%| F|  |TAMS 0x0000000086200000, 0x0000000086200000| Untracked 
|  45|0x0000000086300000, 0x0000000086300000, 0x0000000086400000|  0%| F|  |TAMS 0x0000000086300000, 0x0000000086300000| Untracked 
|  46|0x0000000086400000, 0x0000000086400000, 0x0000000086500000|  0%| F|  |TAMS 0x0000000086400000, 0x0000000086400000| Untracked 
|  47|0x0000000086500000, 0x0000000086500000, 0x0000000086600000|  0%| F|  |TAMS 0x0000000086500000, 0x0000000086500000| Untracked 
|  48|0x0000000086600000, 0x0000000086600000, 0x0000000086700000|  0%| F|  |TAMS 0x0000000086600000, 0x0000000086600000| Untracked 
|  49|0x0000000086700000, 0x0000000086700000, 0x0000000086800000|  0%| F|  |TAMS 0x0000000086700000, 0x0000000086700000| Untracked 
|  50|0x0000000086800000, 0x0000000086800000, 0x0000000086900000|  0%| F|  |TAMS 0x0000000086800000, 0x0000000086800000| Untracked 
|  51|0x0000000086900000, 0x0000000086900000, 0x0000000086a00000|  0%| F|  |TAMS 0x0000000086900000, 0x0000000086900000| Untracked 
|  52|0x0000000086a00000, 0x0000000086a00000, 0x0000000086b00000|  0%| F|  |TAMS 0x0000000086a00000, 0x0000000086a00000| Untracked 
|  53|0x0000000086b00000, 0x0000000086b00000, 0x0000000086c00000|  0%| F|  |TAMS 0x0000000086b00000, 0x0000000086b00000| Untracked 
|  54|0x0000000086c00000, 0x0000000086c00000, 0x0000000086d00000|  0%| F|  |TAMS 0x0000000086c00000, 0x0000000086c00000| Untracked 
|  55|0x0000000086d00000, 0x0000000086d00000, 0x0000000086e00000|  0%| F|  |TAMS 0x0000000086d00000, 0x0000000086d00000| Untracked 
|  56|0x0000000086e00000, 0x0000000086e00000, 0x0000000086f00000|  0%| F|  |TAMS 0x0000000086e00000, 0x0000000086e00000| Untracked 
|  57|0x0000000086f00000, 0x0000000086f00000, 0x0000000087000000|  0%| F|  |TAMS 0x0000000086f00000, 0x0000000086f00000| Untracked 
|  58|0x0000000087000000, 0x0000000087000000, 0x0000000087100000|  0%| F|  |TAMS 0x0000000087000000, 0x0000000087000000| Untracked 
|  59|0x0000000087100000, 0x0000000087100000, 0x0000000087200000|  0%| F|  |TAMS 0x0000000087100000, 0x0000000087100000| Untracked 
|  60|0x0000000087200000, 0x0000000087200000, 0x0000000087300000|  0%| F|  |TAMS 0x0000000087200000, 0x0000000087200000| Untracked 
|  61|0x0000000087300000, 0x0000000087300000, 0x0000000087400000|  0%| F|  |TAMS 0x0000000087300000, 0x0000000087300000| Untracked 
|  62|0x0000000087400000, 0x0000000087400000, 0x0000000087500000|  0%| F|  |TAMS 0x0000000087400000, 0x0000000087400000| Untracked 
|  63|0x0000000087500000, 0x0000000087500000, 0x0000000087600000|  0%| F|  |TAMS 0x0000000087500000, 0x0000000087500000| Untracked 
|  64|0x0000000087600000, 0x0000000087600000, 0x0000000087700000|  0%| F|  |TAMS 0x0000000087600000, 0x0000000087600000| Untracked 
|  65|0x0000000087700000, 0x0000000087700000, 0x0000000087800000|  0%| F|  |TAMS 0x0000000087700000, 0x0000000087700000| Untracked 
|  66|0x0000000087800000, 0x0000000087800000, 0x0000000087900000|  0%| F|  |TAMS 0x0000000087800000, 0x0000000087800000| Untracked 
|  67|0x0000000087900000, 0x0000000087900000, 0x0000000087a00000|  0%| F|  |TAMS 0x0000000087900000, 0x0000000087900000| Untracked 
|  68|0x0000000087a00000, 0x0000000087a00000, 0x0000000087b00000|  0%| F|  |TAMS 0x0000000087a00000, 0x0000000087a00000| Untracked 
|  69|0x0000000087b00000, 0x0000000087b00000, 0x0000000087c00000|  0%| F|  |TAMS 0x0000000087b00000, 0x0000000087b00000| Untracked 
|  70|0x0000000087c00000, 0x0000000087c00000, 0x0000000087d00000|  0%| F|  |TAMS 0x0000000087c00000, 0x0000000087c00000| Untracked 
|  71|0x0000000087d00000, 0x0000000087d00000, 0x0000000087e00000|  0%| F|  |TAMS 0x0000000087d00000, 0x0000000087d00000| Untracked 
|  72|0x0000000087e00000, 0x0000000087e00000, 0x0000000087f00000|  0%| F|  |TAMS 0x0000000087e00000, 0x0000000087e00000| Untracked 
|  73|0x0000000087f00000, 0x0000000087f00000, 0x0000000088000000|  0%| F|  |TAMS 0x0000000087f00000, 0x0000000087f00000| Untracked 
|  74|0x0000000088000000, 0x0000000088000000, 0x0000000088100000|  0%| F|  |TAMS 0x0000000088000000, 0x0000000088000000| Untracked 
|  75|0x0000000088100000, 0x00000000881d6cf8, 0x0000000088200000| 83%| S|CS|TAMS 0x0000000088100000, 0x0000000088100000| Complete 
|  76|0x0000000088200000, 0x0000000088300000, 0x0000000088300000|100%| S|CS|TAMS 0x0000000088200000, 0x0000000088200000| Complete 
|  77|0x0000000088300000, 0x0000000088400000, 0x0000000088400000|100%| S|CS|TAMS 0x0000000088300000, 0x0000000088300000| Complete 
|  78|0x0000000088400000, 0x0000000088500000, 0x0000000088500000|100%| S|CS|TAMS 0x0000000088400000, 0x0000000088400000| Complete 
|  79|0x0000000088500000, 0x0000000088600000, 0x0000000088600000|100%| S|CS|TAMS 0x0000000088500000, 0x0000000088500000| Complete 
|  80|0x0000000088600000, 0x0000000088700000, 0x0000000088700000|100%| S|CS|TAMS 0x0000000088600000, 0x0000000088600000| Complete 
|  81|0x0000000088700000, 0x0000000088800000, 0x0000000088800000|100%| S|CS|TAMS 0x0000000088700000, 0x0000000088700000| Complete 
|  82|0x0000000088800000, 0x0000000088900000, 0x0000000088900000|100%| S|CS|TAMS 0x0000000088800000, 0x0000000088800000| Complete 
|  83|0x0000000088900000, 0x0000000088a00000, 0x0000000088a00000|100%| S|CS|TAMS 0x0000000088900000, 0x0000000088900000| Complete 
|  84|0x0000000088a00000, 0x0000000088a00000, 0x0000000088b00000|  0%| F|  |TAMS 0x0000000088a00000, 0x0000000088a00000| Untracked 
|  85|0x0000000088b00000, 0x0000000088b00000, 0x0000000088c00000|  0%| F|  |TAMS 0x0000000088b00000, 0x0000000088b00000| Untracked 
|  86|0x0000000088c00000, 0x0000000088c00000, 0x0000000088d00000|  0%| F|  |TAMS 0x0000000088c00000, 0x0000000088c00000| Untracked 
|  87|0x0000000088d00000, 0x0000000088d00000, 0x0000000088e00000|  0%| F|  |TAMS 0x0000000088d00000, 0x0000000088d00000| Untracked 
|  88|0x0000000088e00000, 0x0000000088e00000, 0x0000000088f00000|  0%| F|  |TAMS 0x0000000088e00000, 0x0000000088e00000| Untracked 
|  89|0x0000000088f00000, 0x0000000088f00000, 0x0000000089000000|  0%| F|  |TAMS 0x0000000088f00000, 0x0000000088f00000| Untracked 
|  90|0x0000000089000000, 0x0000000089000000, 0x0000000089100000|  0%| F|  |TAMS 0x0000000089000000, 0x0000000089000000| Untracked 
|  91|0x0000000089100000, 0x0000000089100000, 0x0000000089200000|  0%| F|  |TAMS 0x0000000089100000, 0x0000000089100000| Untracked 
|  92|0x0000000089200000, 0x0000000089200000, 0x0000000089300000|  0%| F|  |TAMS 0x0000000089200000, 0x0000000089200000| Untracked 
|  93|0x0000000089300000, 0x0000000089300000, 0x0000000089400000|  0%| F|  |TAMS 0x0000000089300000, 0x0000000089300000| Untracked 
|  94|0x0000000089400000, 0x0000000089400000, 0x0000000089500000|  0%| F|  |TAMS 0x0000000089400000, 0x0000000089400000| Untracked 
|  95|0x0000000089500000, 0x0000000089500000, 0x0000000089600000|  0%| F|  |TAMS 0x0000000089500000, 0x0000000089500000| Untracked 
|  96|0x0000000089600000, 0x0000000089600000, 0x0000000089700000|  0%| F|  |TAMS 0x0000000089600000, 0x0000000089600000| Untracked 
|  97|0x0000000089700000, 0x0000000089700000, 0x0000000089800000|  0%| F|  |TAMS 0x0000000089700000, 0x0000000089700000| Untracked 
|  98|0x0000000089800000, 0x0000000089800000, 0x0000000089900000|  0%| F|  |TAMS 0x0000000089800000, 0x0000000089800000| Untracked 
|  99|0x0000000089900000, 0x0000000089900000, 0x0000000089a00000|  0%| F|  |TAMS 0x0000000089900000, 0x0000000089900000| Untracked 
| 100|0x0000000089a00000, 0x0000000089a00000, 0x0000000089b00000|  0%| F|  |TAMS 0x0000000089a00000, 0x0000000089a00000| Untracked 
| 101|0x0000000089b00000, 0x0000000089b00000, 0x0000000089c00000|  0%| F|  |TAMS 0x0000000089b00000, 0x0000000089b00000| Untracked 
| 102|0x0000000089c00000, 0x0000000089c00000, 0x0000000089d00000|  0%| F|  |TAMS 0x0000000089c00000, 0x0000000089c00000| Untracked 
| 103|0x0000000089d00000, 0x0000000089d00000, 0x0000000089e00000|  0%| F|  |TAMS 0x0000000089d00000, 0x0000000089d00000| Untracked 
| 104|0x0000000089e00000, 0x0000000089e00000, 0x0000000089f00000|  0%| F|  |TAMS 0x0000000089e00000, 0x0000000089e00000| Untracked 
| 105|0x0000000089f00000, 0x0000000089f00000, 0x000000008a000000|  0%| F|  |TAMS 0x0000000089f00000, 0x0000000089f00000| Untracked 
| 106|0x000000008a000000, 0x000000008a000000, 0x000000008a100000|  0%| F|  |TAMS 0x000000008a000000, 0x000000008a000000| Untracked 
| 107|0x000000008a100000, 0x000000008a100000, 0x000000008a200000|  0%| F|  |TAMS 0x000000008a100000, 0x000000008a100000| Untracked 
| 108|0x000000008a200000, 0x000000008a200000, 0x000000008a300000|  0%| F|  |TAMS 0x000000008a200000, 0x000000008a200000| Untracked 
| 109|0x000000008a300000, 0x000000008a300000, 0x000000008a400000|  0%| F|  |TAMS 0x000000008a300000, 0x000000008a300000| Untracked 
| 110|0x000000008a400000, 0x000000008a400000, 0x000000008a500000|  0%| F|  |TAMS 0x000000008a400000, 0x000000008a400000| Untracked 
| 111|0x000000008a500000, 0x000000008a500000, 0x000000008a600000|  0%| F|  |TAMS 0x000000008a500000, 0x000000008a500000| Untracked 
| 112|0x000000008a600000, 0x000000008a600000, 0x000000008a700000|  0%| F|  |TAMS 0x000000008a600000, 0x000000008a600000| Untracked 
| 113|0x000000008a700000, 0x000000008a700000, 0x000000008a800000|  0%| F|  |TAMS 0x000000008a700000, 0x000000008a700000| Untracked 
| 114|0x000000008a800000, 0x000000008a800000, 0x000000008a900000|  0%| F|  |TAMS 0x000000008a800000, 0x000000008a800000| Untracked 
| 115|0x000000008a900000, 0x000000008a900000, 0x000000008aa00000|  0%| F|  |TAMS 0x000000008a900000, 0x000000008a900000| Untracked 
| 116|0x000000008aa00000, 0x000000008aa00000, 0x000000008ab00000|  0%| F|  |TAMS 0x000000008aa00000, 0x000000008aa00000| Untracked 
| 117|0x000000008ab00000, 0x000000008ab00000, 0x000000008ac00000|  0%| F|  |TAMS 0x000000008ab00000, 0x000000008ab00000| Untracked 
| 118|0x000000008ac00000, 0x000000008ac00000, 0x000000008ad00000|  0%| F|  |TAMS 0x000000008ac00000, 0x000000008ac00000| Untracked 
| 119|0x000000008ad00000, 0x000000008ad00000, 0x000000008ae00000|  0%| F|  |TAMS 0x000000008ad00000, 0x000000008ad00000| Untracked 
| 120|0x000000008ae00000, 0x000000008ae00000, 0x000000008af00000|  0%| F|  |TAMS 0x000000008ae00000, 0x000000008ae00000| Untracked 
| 121|0x000000008af00000, 0x000000008af00000, 0x000000008b000000|  0%| F|  |TAMS 0x000000008af00000, 0x000000008af00000| Untracked 
| 122|0x000000008b000000, 0x000000008b000000, 0x000000008b100000|  0%| F|  |TAMS 0x000000008b000000, 0x000000008b000000| Untracked 
| 123|0x000000008b100000, 0x000000008b100000, 0x000000008b200000|  0%| F|  |TAMS 0x000000008b100000, 0x000000008b100000| Untracked 
| 124|0x000000008b200000, 0x000000008b200000, 0x000000008b300000|  0%| F|  |TAMS 0x000000008b200000, 0x000000008b200000| Untracked 
| 125|0x000000008b300000, 0x000000008b300000, 0x000000008b400000|  0%| F|  |TAMS 0x000000008b300000, 0x000000008b300000| Untracked 
| 126|0x000000008b400000, 0x000000008b400000, 0x000000008b500000|  0%| F|  |TAMS 0x000000008b400000, 0x000000008b400000| Untracked 
| 127|0x000000008b500000, 0x000000008b500000, 0x000000008b600000|  0%| F|  |TAMS 0x000000008b500000, 0x000000008b500000| Untracked 
| 128|0x000000008b600000, 0x000000008b600000, 0x000000008b700000|  0%| F|  |TAMS 0x000000008b600000, 0x000000008b600000| Untracked 
| 129|0x000000008b700000, 0x000000008b700000, 0x000000008b800000|  0%| F|  |TAMS 0x000000008b700000, 0x000000008b700000| Untracked 
| 130|0x000000008b800000, 0x000000008b800000, 0x000000008b900000|  0%| F|  |TAMS 0x000000008b800000, 0x000000008b800000| Untracked 
| 131|0x000000008b900000, 0x000000008b900000, 0x000000008ba00000|  0%| F|  |TAMS 0x000000008b900000, 0x000000008b900000| Untracked 
| 132|0x000000008ba00000, 0x000000008ba00000, 0x000000008bb00000|  0%| F|  |TAMS 0x000000008ba00000, 0x000000008ba00000| Untracked 
| 133|0x000000008bb00000, 0x000000008bb00000, 0x000000008bc00000|  0%| F|  |TAMS 0x000000008bb00000, 0x000000008bb00000| Untracked 
| 134|0x000000008bc00000, 0x000000008bc00000, 0x000000008bd00000|  0%| F|  |TAMS 0x000000008bc00000, 0x000000008bc00000| Untracked 
| 135|0x000000008bd00000, 0x000000008bd00000, 0x000000008be00000|  0%| F|  |TAMS 0x000000008bd00000, 0x000000008bd00000| Untracked 
| 136|0x000000008be00000, 0x000000008be00000, 0x000000008bf00000|  0%| F|  |TAMS 0x000000008be00000, 0x000000008be00000| Untracked 
| 137|0x000000008bf00000, 0x000000008bf00000, 0x000000008c000000|  0%| F|  |TAMS 0x000000008bf00000, 0x000000008bf00000| Untracked 
| 138|0x000000008c000000, 0x000000008c000000, 0x000000008c100000|  0%| F|  |TAMS 0x000000008c000000, 0x000000008c000000| Untracked 
| 139|0x000000008c100000, 0x000000008c100000, 0x000000008c200000|  0%| F|  |TAMS 0x000000008c100000, 0x000000008c100000| Untracked 
| 140|0x000000008c200000, 0x000000008c200000, 0x000000008c300000|  0%| F|  |TAMS 0x000000008c200000, 0x000000008c200000| Untracked 
| 141|0x000000008c300000, 0x000000008c300000, 0x000000008c400000|  0%| F|  |TAMS 0x000000008c300000, 0x000000008c300000| Untracked 
| 142|0x000000008c400000, 0x000000008c400000, 0x000000008c500000|  0%| F|  |TAMS 0x000000008c400000, 0x000000008c400000| Untracked 
| 143|0x000000008c500000, 0x000000008c500000, 0x000000008c600000|  0%| F|  |TAMS 0x000000008c500000, 0x000000008c500000| Untracked 
| 144|0x000000008c600000, 0x000000008c600000, 0x000000008c700000|  0%| F|  |TAMS 0x000000008c600000, 0x000000008c600000| Untracked 
| 145|0x000000008c700000, 0x000000008c700000, 0x000000008c800000|  0%| F|  |TAMS 0x000000008c700000, 0x000000008c700000| Untracked 
| 146|0x000000008c800000, 0x000000008c800000, 0x000000008c900000|  0%| F|  |TAMS 0x000000008c800000, 0x000000008c800000| Untracked 
| 147|0x000000008c900000, 0x000000008c900000, 0x000000008ca00000|  0%| F|  |TAMS 0x000000008c900000, 0x000000008c900000| Untracked 
| 148|0x000000008ca00000, 0x000000008ca00000, 0x000000008cb00000|  0%| F|  |TAMS 0x000000008ca00000, 0x000000008ca00000| Untracked 
| 149|0x000000008cb00000, 0x000000008cb00000, 0x000000008cc00000|  0%| F|  |TAMS 0x000000008cb00000, 0x000000008cb00000| Untracked 
| 150|0x000000008cc00000, 0x000000008cc00000, 0x000000008cd00000|  0%| F|  |TAMS 0x000000008cc00000, 0x000000008cc00000| Untracked 
| 151|0x000000008cd00000, 0x000000008cd00000, 0x000000008ce00000|  0%| F|  |TAMS 0x000000008cd00000, 0x000000008cd00000| Untracked 
| 152|0x000000008ce00000, 0x000000008ce00000, 0x000000008cf00000|  0%| F|  |TAMS 0x000000008ce00000, 0x000000008ce00000| Untracked 
| 153|0x000000008cf00000, 0x000000008cf00000, 0x000000008d000000|  0%| F|  |TAMS 0x000000008cf00000, 0x000000008cf00000| Untracked 
| 154|0x000000008d000000, 0x000000008d000000, 0x000000008d100000|  0%| F|  |TAMS 0x000000008d000000, 0x000000008d000000| Untracked 
| 155|0x000000008d100000, 0x000000008d100000, 0x000000008d200000|  0%| F|  |TAMS 0x000000008d100000, 0x000000008d100000| Untracked 
| 156|0x000000008d200000, 0x000000008d200000, 0x000000008d300000|  0%| F|  |TAMS 0x000000008d200000, 0x000000008d200000| Untracked 
| 157|0x000000008d300000, 0x000000008d300000, 0x000000008d400000|  0%| F|  |TAMS 0x000000008d300000, 0x000000008d300000| Untracked 
| 158|0x000000008d400000, 0x000000008d400000, 0x000000008d500000|  0%| F|  |TAMS 0x000000008d400000, 0x000000008d400000| Untracked 
| 159|0x000000008d500000, 0x000000008d500000, 0x000000008d600000|  0%| F|  |TAMS 0x000000008d500000, 0x000000008d500000| Untracked 
| 160|0x000000008d600000, 0x000000008d600000, 0x000000008d700000|  0%| F|  |TAMS 0x000000008d600000, 0x000000008d600000| Untracked 
| 161|0x000000008d700000, 0x000000008d700000, 0x000000008d800000|  0%| F|  |TAMS 0x000000008d700000, 0x000000008d700000| Untracked 
| 162|0x000000008d800000, 0x000000008d800000, 0x000000008d900000|  0%| F|  |TAMS 0x000000008d800000, 0x000000008d800000| Untracked 
| 163|0x000000008d900000, 0x000000008d900000, 0x000000008da00000|  0%| F|  |TAMS 0x000000008d900000, 0x000000008d900000| Untracked 
| 164|0x000000008da00000, 0x000000008da00000, 0x000000008db00000|  0%| F|  |TAMS 0x000000008da00000, 0x000000008da00000| Untracked 
| 165|0x000000008db00000, 0x000000008db00000, 0x000000008dc00000|  0%| F|  |TAMS 0x000000008db00000, 0x000000008db00000| Untracked 
| 166|0x000000008dc00000, 0x000000008dc00000, 0x000000008dd00000|  0%| F|  |TAMS 0x000000008dc00000, 0x000000008dc00000| Untracked 
| 167|0x000000008dd00000, 0x000000008dd00000, 0x000000008de00000|  0%| F|  |TAMS 0x000000008dd00000, 0x000000008dd00000| Untracked 
| 168|0x000000008de00000, 0x000000008de00000, 0x000000008df00000|  0%| F|  |TAMS 0x000000008de00000, 0x000000008de00000| Untracked 
| 169|0x000000008df00000, 0x000000008df00000, 0x000000008e000000|  0%| F|  |TAMS 0x000000008df00000, 0x000000008df00000| Untracked 
| 170|0x000000008e000000, 0x000000008e000000, 0x000000008e100000|  0%| F|  |TAMS 0x000000008e000000, 0x000000008e000000| Untracked 
| 171|0x000000008e100000, 0x000000008e100000, 0x000000008e200000|  0%| F|  |TAMS 0x000000008e100000, 0x000000008e100000| Untracked 
| 172|0x000000008e200000, 0x000000008e200000, 0x000000008e300000|  0%| F|  |TAMS 0x000000008e200000, 0x000000008e200000| Untracked 
| 173|0x000000008e300000, 0x000000008e300000, 0x000000008e400000|  0%| F|  |TAMS 0x000000008e300000, 0x000000008e300000| Untracked 
| 174|0x000000008e400000, 0x000000008e400000, 0x000000008e500000|  0%| F|  |TAMS 0x000000008e400000, 0x000000008e400000| Untracked 
| 175|0x000000008e500000, 0x000000008e500000, 0x000000008e600000|  0%| F|  |TAMS 0x000000008e500000, 0x000000008e500000| Untracked 
| 176|0x000000008e600000, 0x000000008e600000, 0x000000008e700000|  0%| F|  |TAMS 0x000000008e600000, 0x000000008e600000| Untracked 
| 177|0x000000008e700000, 0x000000008e7e4238, 0x000000008e800000| 89%| E|  |TAMS 0x000000008e700000, 0x000000008e700000| Complete 
| 178|0x000000008e800000, 0x000000008e900000, 0x000000008e900000|100%| E|CS|TAMS 0x000000008e800000, 0x000000008e800000| Complete 
| 179|0x000000008e900000, 0x000000008ea00000, 0x000000008ea00000|100%| E|CS|TAMS 0x000000008e900000, 0x000000008e900000| Complete 
| 180|0x000000008ea00000, 0x000000008eb00000, 0x000000008eb00000|100%| E|CS|TAMS 0x000000008ea00000, 0x000000008ea00000| Complete 
| 181|0x000000008eb00000, 0x000000008ec00000, 0x000000008ec00000|100%| E|CS|TAMS 0x000000008eb00000, 0x000000008eb00000| Complete 
| 182|0x000000008ec00000, 0x000000008ed00000, 0x000000008ed00000|100%| E|CS|TAMS 0x000000008ec00000, 0x000000008ec00000| Complete 

Card table byte_map: [0x000001656d1c0000,0x000001656d5b0000] _byte_map_base: 0x000001656cda5000

Marking Bits (Prev, Next): (CMBitMap*) 0x00000165559e7270, (CMBitMap*) 0x00000165559e7238
 Prev Bits: [0x000001656f8d0000, 0x00000165717f8000)
 Next Bits: [0x000001656d9a0000, 0x000001656f8c8000)

Polling page: 0x00000165538a0000

Metaspace:

Usage:
  Non-class:     61.08 MB capacity,    60.02 MB ( 98%) used,   861.65 KB (  1%) free+waste,   226.38 KB ( <1%) overhead. 
      Class:      9.27 MB capacity,     8.58 MB ( 93%) used,   600.38 KB (  6%) free+waste,   105.38 KB (  1%) overhead. 
       Both:     70.35 MB capacity,    68.60 MB ( 98%) used,     1.43 MB (  2%) free+waste,   331.75 KB ( <1%) overhead. 

Virtual space:
  Non-class space:       62.00 MB reserved,      61.25 MB ( 99%) committed 
      Class space:        1.00 GB reserved,       9.32 MB ( <1%) committed 
             Both:        1.06 GB reserved,      70.57 MB (  6%) committed 

Chunk freelists:
   Non-Class:  5.88 KB
       Class:  1.63 KB
        Both:  7.50 KB

CodeHeap 'non-profiled nmethods': size=120064Kb used=3546Kb max_used=3709Kb free=116517Kb
 bounds [0x0000016565780000, 0x0000016565b20000, 0x000001656ccc0000]
CodeHeap 'profiled nmethods': size=120000Kb used=11211Kb max_used=11725Kb free=108788Kb
 bounds [0x000001655e250000, 0x000001655edd0000, 0x0000016565780000]
CodeHeap 'non-nmethods': size=5696Kb used=1243Kb max_used=1298Kb free=4453Kb
 bounds [0x000001655dcc0000, 0x000001655df30000, 0x000001655e250000]
 total_blobs=8846 nmethods=5330 adapters=534
 compilation: enabled
              stopped_count=0, restarted_count=0
 full_count=0

Compilation events (10 events):
Event: 17772.399 Thread 0x000001657493e800 nmethod 6471% 0x0000016565a64d10 code [0x0000016565a64ee0, 0x0000016565a65ab8]
Event: 17777.334 Thread 0x0000016574945800 6475       3       sun.security.ssl.SSLConfiguration::getEnabledExtensions (131 bytes)
Event: 17777.335 Thread 0x0000016574945800 nmethod 6475 0x000001655eb32d90 code [0x000001655eb330a0, 0x000001655eb345a0]
Event: 17779.587 Thread 0x000001657493e800 6476       4       java.util.Collection::stream (11 bytes)
Event: 17779.593 Thread 0x000001657493e800 nmethod 6476 0x0000016565a5f490 code [0x0000016565a5f640, 0x0000016565a5f9b8]
Event: 17779.596 Thread 0x000001657493e800 6477       4       javax.crypto.Cipher::checkCipherState (51 bytes)
Event: 17779.597 Thread 0x000001657493e800 nmethod 6477 0x0000016565a5f090 code [0x0000016565a5f240, 0x0000016565a5f388]
Event: 17783.263 Thread 0x000001657493e800 6478   !   4       jdk.internal.reflect.GeneratedConstructorAccessor24::newInstance (49 bytes)
Event: 17783.268 Thread 0x000001657493e800 nmethod 6478 0x0000016565a64090 code [0x0000016565a64280, 0x0000016565a64a28]
Event: 17808.440 Thread 0x000001657493e800 6479       4       sun.security.ssl.SSLAlgorithmDecomposer::decomposes (175 bytes)

GC Heap History (10 events):
Event: 2.881 GC heap before
{Heap before GC invocations=8 (full 0):
 garbage-first heap   total 155648K, used 96385K [0x0000000083600000, 0x0000000100000000)
  region size 1024K, 89 young (91136K), 8 survivors (8192K)
 Metaspace       used 39569K, capacity 40695K, committed 40960K, reserved 1085440K
  class space    used 4649K, capacity 5065K, committed 5120K, reserved 1048576K
}
Event: 2.887 GC heap after
{Heap after GC invocations=9 (full 0):
 garbage-first heap   total 155648K, used 16931K [0x0000000083600000, 0x0000000100000000)
  region size 1024K, 9 young (9216K), 9 survivors (9216K)
 Metaspace       used 39569K, capacity 40695K, committed 40960K, reserved 1085440K
  class space    used 4649K, capacity 5065K, committed 5120K, reserved 1048576K
}
Event: 3.941 GC heap before
{Heap before GC invocations=9 (full 0):
 garbage-first heap   total 155648K, used 100899K [0x0000000083600000, 0x0000000100000000)
  region size 1024K, 91 young (93184K), 9 survivors (9216K)
 Metaspace       used 55678K, capacity 56915K, committed 57088K, reserved 1099776K
  class space    used 6828K, capacity 7326K, committed 7424K, reserved 1048576K
}
Event: 3.950 GC heap after
{Heap after GC invocations=10 (full 0):
 garbage-first heap   total 155648K, used 21285K [0x0000000083600000, 0x0000000100000000)
  region size 1024K, 9 young (9216K), 9 survivors (9216K)
 Metaspace       used 55678K, capacity 56915K, committed 57088K, reserved 1099776K
  class space    used 6828K, capacity 7326K, committed 7424K, reserved 1048576K
}
Event: 4.206 GC heap before
{Heap before GC invocations=10 (full 0):
 garbage-first heap   total 155648K, used 48933K [0x0000000083600000, 0x0000000100000000)
  region size 1024K, 37 young (37888K), 9 survivors (9216K)
 Metaspace       used 58869K, capacity 60147K, committed 60160K, reserved 1101824K
  class space    used 7406K, capacity 7929K, committed 7936K, reserved 1048576K
}
Event: 4.211 GC heap after
{Heap after GC invocations=11 (full 0):
 garbage-first heap   total 187392K, used 21963K [0x0000000083600000, 0x0000000100000000)
  region size 1024K, 6 young (6144K), 6 survivors (6144K)
 Metaspace       used 58869K, capacity 60147K, committed 60160K, reserved 1101824K
  class space    used 7406K, capacity 7929K, committed 7936K, reserved 1048576K
}
Event: 3537.963 GC heap before
{Heap before GC invocations=12 (full 0):
 garbage-first heap   total 187392K, used 127435K [0x0000000083600000, 0x0000000100000000)
  region size 1024K, 109 young (111616K), 6 survivors (6144K)
 Metaspace       used 69832K, capacity 71649K, committed 71756K, reserved 1112064K
  class space    used 8784K, capacity 9491K, committed 9548K, reserved 1048576K
}
Event: 3538.027 GC heap after
{Heap after GC invocations=13 (full 0):
 garbage-first heap   total 187392K, used 26817K [0x0000000083600000, 0x0000000100000000)
  region size 1024K, 10 young (10240K), 10 survivors (10240K)
 Metaspace       used 69832K, capacity 71649K, committed 71756K, reserved 1112064K
  class space    used 8784K, capacity 9491K, committed 9548K, reserved 1048576K
}
Event: 17772.318 GC heap before
{Heap before GC invocations=13 (full 0):
 garbage-first heap   total 187392K, used 128193K [0x0000000083600000, 0x0000000100000000)
  region size 1024K, 109 young (111616K), 10 survivors (10240K)
 Metaspace       used 70233K, capacity 72036K, committed 72268K, reserved 1112064K
  class space    used 8785K, capacity 9491K, committed 9548K, reserved 1048576K
}
Event: 17772.366 GC heap after
{Heap after GC invocations=14 (full 0):
 garbage-first heap   total 187392K, used 29386K [0x0000000083600000, 0x0000000100000000)
  region size 1024K, 9 young (9216K), 9 survivors (9216K)
 Metaspace       used 70233K, capacity 72036K, committed 72268K, reserved 1112064K
  class space    used 8785K, capacity 9491K, committed 9548K, reserved 1048576K
}

Deoptimization events (10 events):
Event: 5385.011 Thread 0x000001657ab81800 Uncommon trap: reason=profile_predicate action=maybe_recompile pc=0x00000165658bb6b4 method=java.util.concurrent.ConcurrentHashMap$Traverser.advance()Ljava/util/concurrent/ConcurrentHashMap$Node; @ 15 c2
Event: 8823.590 Thread 0x000001657c3b0000 Uncommon trap: reason=profile_predicate action=maybe_recompile pc=0x000001656590024c method=java.math.BigInteger.montReduce([I[III)[I @ 56 c2
Event: 8823.590 Thread 0x000001657c3b0000 Uncommon trap: reason=profile_predicate action=maybe_recompile pc=0x000001656590024c method=java.math.BigInteger.montReduce([I[III)[I @ 56 c2
Event: 8823.590 Thread 0x000001657c3b0000 Uncommon trap: reason=profile_predicate action=maybe_recompile pc=0x000001656590024c method=java.math.BigInteger.montReduce([I[III)[I @ 56 c2
Event: 8823.590 Thread 0x000001657c3b0000 Uncommon trap: reason=profile_predicate action=maybe_recompile pc=0x000001656590024c method=java.math.BigInteger.montReduce([I[III)[I @ 56 c2
Event: 8823.590 Thread 0x000001657c3b0000 Uncommon trap: reason=profile_predicate action=maybe_recompile pc=0x00000165658f76f8 method=java.math.BigInteger.montReduce([I[III)[I @ 9 c2
Event: 14314.893 Thread 0x000001657c3b1000 Uncommon trap: reason=profile_predicate action=maybe_recompile pc=0x00000165659bb6bc method=sun.security.provider.HashDrbg.addBytes([BI[[B)V @ 36 c2
Event: 14314.893 Thread 0x000001657c3b1000 Uncommon trap: reason=profile_predicate action=maybe_recompile pc=0x00000165659bb6bc method=sun.security.provider.HashDrbg.addBytes([BI[[B)V @ 36 c2
Event: 14314.894 Thread 0x000001657c3b1000 Uncommon trap: reason=profile_predicate action=maybe_recompile pc=0x00000165659bb6bc method=sun.security.provider.HashDrbg.addBytes([BI[[B)V @ 36 c2
Event: 14314.895 Thread 0x000001657c3b1000 Uncommon trap: reason=profile_predicate action=maybe_recompile pc=0x00000165659bb6bc method=sun.security.provider.HashDrbg.addBytes([BI[[B)V @ 36 c2

Classes redefined (0 events):
No events

Internal exceptions (10 events):
Event: 1761.015 Thread 0x000001657c3b2000 Exception <a 'java/net/SocketException'{0x0000000088f82d78}: Software caused connection abort: socket write error> (0x0000000088f82d78) thrown at [t:/workspace/open/src/hotspot/share/prims/jni.cpp, line 636]
Event: 3564.729 Thread 0x000001657c3b1000 Exception <a 'java/net/SocketException'{0x000000008e739e48}: Software caused connection abort: socket write error> (0x000000008e739e48) thrown at [t:/workspace/open/src/hotspot/share/prims/jni.cpp, line 636]
Event: 3589.307 Thread 0x000001657c3ae800 Exception <a 'java/net/SocketException'{0x000000008e3e3278}: Software caused connection abort: socket write error> (0x000000008e3e3278) thrown at [t:/workspace/open/src/hotspot/share/prims/jni.cpp, line 636]
Event: 5382.019 Thread 0x000001657ab81800 Implicit null exception at 0x00000165658bb49d to 0x00000165658bb6a2
Event: 5383.023 Thread 0x000001657ab81800 Implicit null exception at 0x00000165658bb49d to 0x00000165658bb6a2
Event: 5384.021 Thread 0x000001657ab81800 Implicit null exception at 0x00000165658bb49d to 0x00000165658bb6a2
Event: 5385.011 Thread 0x000001657ab81800 Implicit null exception at 0x00000165658bb49d to 0x00000165658bb6a2
Event: 12459.555 Thread 0x000001657c3ad800 Exception <a 'java/net/SocketException'{0x000000008a9e3c28}: Software caused connection abort: socket write error> (0x000000008a9e3c28) thrown at [t:/workspace/open/src/hotspot/share/prims/jni.cpp, line 636]
Event: 14207.002 Thread 0x000001657c3b2000 Exception <a 'java/net/SocketException'{0x000000008a2724e0}: Software caused connection abort: socket write error> (0x000000008a2724e0) thrown at [t:/workspace/open/src/hotspot/share/prims/jni.cpp, line 636]
Event: 14238.398 Thread 0x000001657c3b0000 Exception <a 'java/net/SocketException'{0x0000000089ee2be0}: Software caused connection abort: socket write error> (0x0000000089ee2be0) thrown at [t:/workspace/open/src/hotspot/share/prims/jni.cpp, line 636]

Events (10 events):
Event: 17808.431 Executing VM operation: RevokeBias
Event: 17808.431 Executing VM operation: RevokeBias done
Event: 17808.431 Executing VM operation: RevokeBias
Event: 17808.431 Executing VM operation: RevokeBias done
Event: 17808.432 Executing VM operation: RevokeBias
Event: 17808.432 Executing VM operation: RevokeBias done
Event: 17808.433 Executing VM operation: RevokeBias
Event: 17808.433 Executing VM operation: RevokeBias done
Event: 17808.433 Executing VM operation: RevokeBias
Event: 17808.433 Executing VM operation: RevokeBias done


Dynamic libraries:
0x00007ff7fefc0000 - 0x00007ff7ff005000 	C:\Program Files\Java\jdk-11.0.2\bin\java.exe
0x00007ffc069d0000 - 0x00007ffc06bc8000 	C:\WINDOWS\SYSTEM32\ntdll.dll
0x00007ffc05660000 - 0x00007ffc0571f000 	C:\WINDOWS\System32\KERNEL32.DLL
0x00007ffc042c0000 - 0x00007ffc045b6000 	C:\WINDOWS\System32\KERNELBASE.dll
0x00007ffc04a30000 - 0x00007ffc04bcd000 	C:\WINDOWS\System32\USER32.dll
0x00007ffc04780000 - 0x00007ffc047a2000 	C:\WINDOWS\System32\win32u.dll
0x00007ffc055a0000 - 0x00007ffc055cc000 	C:\WINDOWS\System32\GDI32.dll
0x00007ffc041a0000 - 0x00007ffc042b5000 	C:\WINDOWS\System32\gdi32full.dll
0x00007ffc04100000 - 0x00007ffc0419d000 	C:\WINDOWS\System32\msvcp_win.dll
0x00007ffc045f0000 - 0x00007ffc046f0000 	C:\WINDOWS\System32\ucrtbase.dll
0x00007ffbf3220000 - 0x00007ffbf34ba000 	C:\WINDOWS\WinSxS\amd64_microsoft.windows.common-controls_6595b64144ccf1df_6.0.19041.1110_none_60b5254171f9507e\COMCTL32.dll
0x00007ffc05d50000 - 0x00007ffc05dee000 	C:\WINDOWS\System32\msvcrt.dll
0x00007ffc05570000 - 0x00007ffc055a0000 	C:\WINDOWS\System32\IMM32.DLL
0x00007ffbffc40000 - 0x00007ffbffc56000 	C:\Program Files\Java\jdk-11.0.2\bin\vcruntime140.dll
0x00007ffbe6c30000 - 0x00007ffbe6cda000 	C:\Program Files\Java\jdk-11.0.2\bin\msvcp140.dll
0x00007ffbc73b0000 - 0x00007ffbc7ed3000 	C:\Program Files\Java\jdk-11.0.2\bin\server\jvm.dll
0x00007ffc054c0000 - 0x00007ffc0556f000 	C:\WINDOWS\System32\ADVAPI32.dll
0x00007ffc05cb0000 - 0x00007ffc05d4c000 	C:\WINDOWS\System32\sechost.dll
0x00007ffc05e50000 - 0x00007ffc05f76000 	C:\WINDOWS\System32\RPCRT4.dll
0x00007ffc05f80000 - 0x00007ffc05f88000 	C:\WINDOWS\System32\PSAPI.DLL
0x00007ffbfcc30000 - 0x00007ffbfcc39000 	C:\WINDOWS\SYSTEM32\WSOCK32.dll
0x00007ffbff240000 - 0x00007ffbff24a000 	C:\WINDOWS\SYSTEM32\VERSION.dll
0x00007ffbf2420000 - 0x00007ffbf2447000 	C:\WINDOWS\SYSTEM32\WINMM.dll
0x00007ffc06480000 - 0x00007ffc064eb000 	C:\WINDOWS\System32\WS2_32.dll
0x00007ffc01f80000 - 0x00007ffc01f92000 	C:\WINDOWS\SYSTEM32\kernel.appcore.dll
0x00007ffbfcf90000 - 0x00007ffbfcfa1000 	C:\Program Files\Java\jdk-11.0.2\bin\verify.dll
0x00007ffbed7b0000 - 0x00007ffbed994000 	C:\WINDOWS\SYSTEM32\DBGHELP.DLL
0x00007ffbed710000 - 0x00007ffbed744000 	C:\WINDOWS\SYSTEM32\dbgcore.DLL
0x00007ffc046f0000 - 0x00007ffc04772000 	C:\WINDOWS\System32\bcryptPrimitives.dll
0x00007ffbfcec0000 - 0x00007ffbfcee8000 	C:\Program Files\Java\jdk-11.0.2\bin\java.dll
0x00007ffbfcd90000 - 0x00007ffbfcda6000 	C:\Program Files\Java\jdk-11.0.2\bin\zip.dll
0x00007ffbffc30000 - 0x00007ffbffc3a000 	C:\Program Files\Java\jdk-11.0.2\bin\jimage.dll
0x00007ffc04bd0000 - 0x00007ffc05314000 	C:\WINDOWS\System32\SHELL32.dll
0x00007ffc02180000 - 0x00007ffc02913000 	C:\WINDOWS\SYSTEM32\windows.storage.dll
0x00007ffc064f0000 - 0x00007ffc06844000 	C:\WINDOWS\System32\combase.dll
0x00007ffc03a20000 - 0x00007ffc03a4e000 	C:\WINDOWS\SYSTEM32\Wldp.dll
0x00007ffc05c00000 - 0x00007ffc05cad000 	C:\WINDOWS\System32\SHCORE.dll
0x00007ffc05df0000 - 0x00007ffc05e45000 	C:\WINDOWS\System32\shlwapi.dll
0x00007ffc03ff0000 - 0x00007ffc0400f000 	C:\WINDOWS\SYSTEM32\profapi.dll
0x00007ffbfc9d0000 - 0x00007ffbfc9e9000 	C:\Program Files\Java\jdk-11.0.2\bin\net.dll
0x00007ffbfdfc0000 - 0x00007ffbfe0ca000 	C:\WINDOWS\SYSTEM32\WINHTTP.dll
0x00007ffbf4730000 - 0x00007ffbf491c000 	C:\WINDOWS\SYSTEM32\urlmon.dll
0x00007ffbf4700000 - 0x00007ffbf4728000 	C:\WINDOWS\SYSTEM32\srvcli.dll
0x00007ffbf7df0000 - 0x00007ffbf80a1000 	C:\WINDOWS\SYSTEM32\iertutil.dll
0x00007ffc035d0000 - 0x00007ffc035dc000 	C:\WINDOWS\SYSTEM32\netutils.dll
0x00007ffc03780000 - 0x00007ffc037ea000 	C:\WINDOWS\system32\mswsock.dll
0x00007ffbf2f20000 - 0x00007ffbf2f33000 	C:\Program Files\Java\jdk-11.0.2\bin\nio.dll
0x00007ffbfcd80000 - 0x00007ffbfcd89000 	C:\Program Files\Java\jdk-11.0.2\bin\management.dll
0x00007ffbfcd30000 - 0x00007ffbfcd3c000 	C:\Program Files\Java\jdk-11.0.2\bin\management_ext.dll
0x00007ffbeae40000 - 0x00007ffbeae57000 	C:\WINDOWS\system32\napinsp.dll
0x00007ffbe9cf0000 - 0x00007ffbe9d0b000 	C:\WINDOWS\system32\pnrpnsp.dll
0x00007ffbe3350000 - 0x00007ffbe3365000 	C:\WINDOWS\system32\wshbth.dll
0x00007ffbffb40000 - 0x00007ffbffb5d000 	C:\WINDOWS\system32\NLAapi.dll
0x00007ffc03470000 - 0x00007ffc034ac000 	C:\WINDOWS\SYSTEM32\IPHLPAPI.DLL
0x00007ffc034b0000 - 0x00007ffc0357a000 	C:\WINDOWS\SYSTEM32\DNSAPI.dll
0x00007ffc05780000 - 0x00007ffc05788000 	C:\WINDOWS\System32\NSI.dll
0x00007ffbe5340000 - 0x00007ffbe5352000 	C:\WINDOWS\System32\winrnr.dll
0x00007ffbfc7c0000 - 0x00007ffbfc7ca000 	C:\Windows\System32\rasadhlp.dll
0x00007ffbfd7c0000 - 0x00007ffbfd842000 	C:\WINDOWS\System32\fwpuclnt.dll
0x00007ffc045c0000 - 0x00007ffc045e7000 	C:\WINDOWS\System32\bcrypt.dll
0x00007ffc03970000 - 0x00007ffc03988000 	C:\WINDOWS\SYSTEM32\CRYPTSP.dll
0x00007ffc030a0000 - 0x00007ffc030d4000 	C:\WINDOWS\system32\rsaenh.dll
0x00007ffc03fb0000 - 0x00007ffc03fde000 	C:\WINDOWS\SYSTEM32\USERENV.dll
0x00007ffc03990000 - 0x00007ffc0399c000 	C:\WINDOWS\SYSTEM32\CRYPTBASE.dll
0x00007ffbfea10000 - 0x00007ffbfea27000 	C:\WINDOWS\SYSTEM32\dhcpcsvc6.DLL
0x00007ffbfe9f0000 - 0x00007ffbfea0d000 	C:\WINDOWS\SYSTEM32\dhcpcsvc.DLL
0x00007ffbfccc0000 - 0x00007ffbfcccd000 	C:\Program Files\Java\jdk-11.0.2\bin\sunmscapi.dll
0x00007ffc048d0000 - 0x00007ffc04a2e000 	C:\WINDOWS\System32\CRYPT32.dll
0x00007ffc03a90000 - 0x00007ffc03ab8000 	C:\WINDOWS\SYSTEM32\ncrypt.dll
0x00007ffc03a50000 - 0x00007ffc03a8b000 	C:\WINDOWS\SYSTEM32\NTASN1.dll
0x00007ffbe6ac0000 - 0x00007ffbe6ae7000 	C:\Program Files\Java\jdk-11.0.2\bin\sunec.dll

dbghelp: loaded successfully - version: 4.0.5 - missing functions: none
symbol engine: initialized successfully - sym options: 0x614 - pdb path: .;C:\Program Files\Java\jdk-11.0.2\bin;C:\WINDOWS\SYSTEM32;C:\WINDOWS\WinSxS\amd64_microsoft.windows.common-controls_6595b64144ccf1df_6.0.19041.1110_none_60b5254171f9507e;C:\Program Files\Java\jdk-11.0.2\bin\server

VM Arguments:
jvm_args: -Dfile.encoding=x-windows-949 -Duser.country=KR -Duser.language=ko -Duser.variant 
java_command: com.community.hoxy.HoxyApplication
java_class_path (initial): C:\Users\KOSCOM\Desktop\각종자료\개인자료\hoxy\build\classes\java\main;C:\Users\KOSCOM\Desktop\각종자료\개인자료\hoxy\build\resources\main;C:\Users\KOSCOM\.gradle\caches\modules-2\files-2.1\org.springframework.boot\spring-boot-starter-web\2.7.16\f6e4e226b0c9c1cf36c17c04262c702c6a0bad99\spring-boot-starter-web-2.7.16.jar;C:\Users\KOSCOM\.gradle\caches\modules-2\files-2.1\org.apache.tomcat.embed\tomcat-embed-jasper\9.0.80\fc3dd6224b995d64b673545260e36bf9c83b86ac\tomcat-embed-jasper-9.0.80.jar;C:\Users\KOSCOM\.gradle\caches\modules-2\files-2.1\org.springframework.boot\spring-boot-starter-mail\2.7.16\18371f9072ff8a5361aba560094f48ea88c17479\spring-boot-starter-mail-2.7.16.jar;C:\Users\KOSCOM\.gradle\caches\modules-2\files-2.1\org.springframework.boot\spring-boot-starter-thymeleaf\2.7.16\c42973a019da69fd23bbad307c190090910a2d03\spring-boot-starter-thymeleaf-2.7.16.jar;C:\Users\KOSCOM\.gradle\caches\modules-2\files-2.1\mysql\mysql-connector-java\8.0.26\e5ec6610020a3084b7d32ee725d1650176f6b3de\mysql-connector-java-8.0.26.jar;C:\Users\KOSCOM\.gradle\caches\modules-2\files-2.1\org.springframework.boot\spring-boot-starter-data-jpa\2.7.16\3438c32d28bb5d31b6ad45f1b7c8cbbd9cba5b4e\spring-boot-starter-data-jpa-2.7.16.jar;C:\Users\KOSCOM\.gradle\caches\modules-2\files-2.1\org.springframework.boot\spring-boot-starter-json\2.7.16\c9eb703f57c75b92139f1e34092de4c34111f3fc\spring-boot-starter-json-2.7.16.jar;C:\Users\KOSCOM\.gradle\caches\modules-2\files-2.1\org.springframework.boot\spring-boot-starter-aop\2.7.16\dba25addac3d8adc9bf2c925bc9ed167404f8a72\spring-boot-starter-aop-2.7.16.jar;C:\Users\KOSCOM\.gradle\caches\modules-2\files-2.1\org.springframework.boot\spring-boot-starter-jdbc\2.7.16\eac83a43d8221c80730a1622e3467dda12487ccd\spring-boot-starter-jdbc-2.7.16.jar;C:\Users\KOSCOM\.gradle\caches\modules-2\files-2.1\org.springframework.boot\spring-boot-starter\2.7.16\f80dbc197a703fbeb1a932a9a57a20d318ea475\spring-boot-starter-2.7.16.jar;C:\Users\KOSCOM\.
Launcher Type: SUN_STANDARD

[Global flags]
     intx CICompilerCount                          = 3                                         {product} {ergonomic}
     uint ConcGCThreads                            = 2                                         {product} {ergonomic}
     uint G1ConcRefinementThreads                  = 6                                         {product} {ergonomic}
   size_t G1HeapRegionSize                         = 1048576                                   {product} {ergonomic}
    uintx GCDrainStackTargetSize                   = 64                                        {product} {ergonomic}
   size_t InitialHeapSize                          = 132120576                                 {product} {ergonomic}
   size_t MarkStackSize                            = 4194304                                   {product} {ergonomic}
   size_t MaxHeapSize                              = 2090860544                                {product} {ergonomic}
   size_t MaxNewSize                               = 1254096896                                {product} {ergonomic}
   size_t MinHeapDeltaBytes                        = 1048576                                   {product} {ergonomic}
    uintx NonNMethodCodeHeapSize                   = 5830092                                {pd product} {ergonomic}
    uintx NonProfiledCodeHeapSize                  = 122914074                              {pd product} {ergonomic}
    uintx ProfiledCodeHeapSize                     = 122914074                              {pd product} {ergonomic}
    uintx ReservedCodeCacheSize                    = 251658240                              {pd product} {ergonomic}
     bool SegmentedCodeCache                       = true                                      {product} {ergonomic}
     bool UseCompressedClassPointers               = true                                 {lp64_product} {ergonomic}
     bool UseCompressedOops                        = true                                 {lp64_product} {ergonomic}
     bool UseG1GC                                  = true                                      {product} {ergonomic}
     bool UseLargePagesIndividualAllocation        = false                                  {pd product} {ergonomic}

Logging:
Log output configuration:
 #0: stdout all=warning uptime,level,tags
 #1: stderr all=off uptime,level,tags

Environment Variables:
JAVA_HOME=C:\Program Files\Java\jdk1.8.0_281
CLASSPATH=%classpath%;.;.;.
PATH=C:\Program Files (x86)\Common Files\Oracle\Java\javapath;C:\WINDOWS\system32;C:\WINDOWS;C:\WINDOWS\System32\Wbem;C:\WINDOWS\System32\WindowsPowerShell\v1.0\;C:\WINDOWS\System32\OpenSSH\;C:\Program Files\Java\jdk1.8.0_281\bin\;C:\Program Files (x86)\ZeinSoft\ComVoy\2.0\agent;C:\OpenSSL\bin;C:\Program Files (x86)\Git\cmd;C:\Program Files\dotnet\;C:\Program Files (x86)\ZeinSoft\ComVoy\agent;C:\Users\KOSCOM\AppData\Local\Microsoft\WindowsApps;;C:\Program Files\JetBrains\IntelliJ IDEA Community Edition 2021.2\bin;;C:\Users\KOSCOM\AppData\Local\Programs\Microsoft VS Code\bin
USERNAME=KOSCOM
OS=Windows_NT
PROCESSOR_IDENTIFIER=Intel64 Family 6 Model 158 Stepping 10, GenuineIntel



---------------  S Y S T E M  ---------------

OS: Windows 10 , 64 bit Build 19041 (10.0.19041.3031)

CPU:total 6 (initial active 6) (6 cores per cpu, 1 threads per core) family 6 model 158 stepping 10, cmov, cx8, fxsr, mmx, sse, sse2, sse3, ssse3, sse4.1, sse4.2, popcnt, avx, avx2, aes, clmul, erms, rtm, 3dnowpref, lzcnt, tsc, tscinvbit, bmi1, bmi2, adx, fma

Memory: 4k page, system-wide physical 7973M (1072M free)
TotalPageFile size 32549M (AvailPageFile size 7M)
current process WorkingSet (physical memory assigned to process): 169M, peak: 357M
current process commit charge ("private bytes"): 391M, peak: 421M

vm_info: OpenJDK 64-Bit Server VM (11.0.2+9) for windows-amd64 JRE (11.0.2+9), built on Jan 18 2019 05:23:22 by "mach5one" with MS VC++ 15.5 (VS2017)

END.
