#
# There is insufficient memory for the Java Runtime Environment to continue.
# Native memory allocation (malloc) failed to allocate 32744 bytes for ChunkPool::allocate
# Possible reasons:
#   The system is out of physical RAM or swap space
#   The process is running with CompressedOops enabled, and the Java Heap may be blocking the growth of the native heap
# Possible solutions:
#   Reduce memory load on the system
#   Increase physical memory or swap space
#   Check if swap backing store is full
#   Decrease Java heap size (-Xmx/-Xms)
#   Decrease number of Java threads
#   Decrease Java thread stack sizes (-Xss)
#   Set larger code cache with -XX:ReservedCodeCacheSize=
#   JVM is running with Unscaled Compressed Oops mode in which the Java heap is
#     placed in the first 4GB address space. The Java Heap base address is the
#     maximum limit for the native heap growth. Please use -XX:HeapBaseMinAddress
#     to set the Java Heap base and to place the Java Heap above 4GB virtual address.
# This output file may be truncated or incomplete.
#
#  Out of Memory Error (t:/workspace/open/src/hotspot/share/memory/arena.cpp:81), pid=12200, tid=22304
#
# JRE version: OpenJDK Runtime Environment (11.0.2+9) (build 11.0.2+9)
# Java VM: OpenJDK 64-Bit Server VM (11.0.2+9, mixed mode, tiered, compressed oops, g1 gc, windows-amd64)
# No core dump will be written. Minidumps are not enabled by default on client versions of Windows
#

---------------  S U M M A R Y ------------

Command Line: -Dfile.encoding=x-windows-949 -Duser.country=KR -Duser.language=ko -Duser.variant com.community.hoxy.HoxyApplication

Host: Intel(R) Core(TM) i5-9500 CPU @ 3.00GHz, 6 cores, 7G,  Windows 10 , 64 bit Build 19041 (10.0.19041.3031)
Time: Fri Nov 17 04:53:07 2023 대한민국 표준시 elapsed time: 45460 seconds (0d 12h 37m 40s)

---------------  T H R E A D  ---------------

Current thread (0x0000017cf97d0800):  JavaThread "C2 CompilerThread0" daemon [_thread_in_native, id=22304, stack(0x0000002b77d00000,0x0000002b77e00000)]


Current CompileTask:
C2:45460310 4253       4       java.util.concurrent.ConcurrentHashMap$ValuesView::iterator (34 bytes)

Stack: [0x0000002b77d00000,0x0000002b77e00000]
Native frames: (J=compiled Java code, j=interpreted, Vv=VM code, C=native code)
V  [jvm.dll+0x63489a]
V  [jvm.dll+0x771f9f]
V  [jvm.dll+0x773648]
V  [jvm.dll+0x773d03]
V  [jvm.dll+0x25eba8]
V  [jvm.dll+0xc23bb]
V  [jvm.dll+0xc271c]
V  [jvm.dll+0xc2270]
V  [jvm.dll+0x613baf]
V  [jvm.dll+0x6664ae]
V  [jvm.dll+0x1a989d]
V  [jvm.dll+0x218ad2]
V  [jvm.dll+0x217b6a]
V  [jvm.dll+0x194370]
V  [jvm.dll+0x226b3f]
V  [jvm.dll+0x225148]
V  [jvm.dll+0x73774d]
V  [jvm.dll+0x633942]
C  [ucrtbase.dll+0x21bb2]
C  [KERNEL32.DLL+0x17614]
C  [ntdll.dll+0x526f1]


---------------  P R O C E S S  ---------------

Threads class SMR info:
_java_thread_list=0x0000017cfcd0baa0, length=25, elements={
0x0000017cf979f800, 0x0000017cf97a9000, 0x0000017cf97cc800, 0x0000017cf97cd800,
0x0000017cf97d0800, 0x0000017cfa0e6000, 0x0000017cf97d5000, 0x0000017cfa25e000,
0x0000017cfa267000, 0x0000017cfe663000, 0x0000017cfd124800, 0x0000017cfd125800,
0x0000017cfd120800, 0x0000017cfd008000, 0x0000017cfe473800, 0x0000017cfcce9800,
0x0000017cfe713000, 0x0000017cfeafa800, 0x0000017c80bd1000, 0x0000017cfe4a8000,
0x0000017cfe4ab000, 0x0000017cfe4ac000, 0x0000017cfe4ac800, 0x0000017cfe4a9800,
0x0000017cfe4ad800
}

Java Threads: ( => current thread )
  0x0000017cf979f800 JavaThread "Reference Handler" daemon [_thread_blocked, id=14352, stack(0x0000002b77900000,0x0000002b77a00000)]
  0x0000017cf97a9000 JavaThread "Finalizer" daemon [_thread_blocked, id=13020, stack(0x0000002b77a00000,0x0000002b77b00000)]
  0x0000017cf97cc800 JavaThread "Signal Dispatcher" daemon [_thread_blocked, id=24392, stack(0x0000002b77b00000,0x0000002b77c00000)]
  0x0000017cf97cd800 JavaThread "Attach Listener" daemon [_thread_blocked, id=25068, stack(0x0000002b77c00000,0x0000002b77d00000)]
=>0x0000017cf97d0800 JavaThread "C2 CompilerThread0" daemon [_thread_in_native, id=22304, stack(0x0000002b77d00000,0x0000002b77e00000)]
  0x0000017cfa0e6000 JavaThread "C1 CompilerThread0" daemon [_thread_blocked, id=17096, stack(0x0000002b77e00000,0x0000002b77f00000)]
  0x0000017cf97d5000 JavaThread "Sweeper thread" daemon [_thread_blocked, id=2776, stack(0x0000002b77f00000,0x0000002b78000000)]
  0x0000017cfa25e000 JavaThread "Service Thread" daemon [_thread_blocked, id=18896, stack(0x0000002b78000000,0x0000002b78100000)]
  0x0000017cfa267000 JavaThread "Common-Cleaner" daemon [_thread_blocked, id=21856, stack(0x0000002b78200000,0x0000002b78300000)]
  0x0000017cfe663000 JavaThread "Catalina-utility-1" [_thread_blocked, id=19500, stack(0x0000002b78600000,0x0000002b78700000)]
  0x0000017cfd124800 JavaThread "Catalina-utility-2" [_thread_blocked, id=15296, stack(0x0000002b78900000,0x0000002b78a00000)]
  0x0000017cfd125800 JavaThread "container-0" [_thread_blocked, id=14608, stack(0x0000002b78a00000,0x0000002b78b00000)]
  0x0000017cfd120800 JavaThread "http-nio-8080-exec-1" daemon [_thread_blocked, id=21820, stack(0x0000002b78b00000,0x0000002b78c00000)]
  0x0000017cfd008000 JavaThread "http-nio-8080-exec-2" daemon [_thread_blocked, id=22876, stack(0x0000002b78c00000,0x0000002b78d00000)]
  0x0000017cfe473800 JavaThread "http-nio-8080-exec-3" daemon [_thread_blocked, id=9368, stack(0x0000002b78d00000,0x0000002b78e00000)]
  0x0000017cfcce9800 JavaThread "http-nio-8080-exec-4" daemon [_thread_blocked, id=19224, stack(0x0000002b78e00000,0x0000002b78f00000)]
  0x0000017cfe713000 JavaThread "http-nio-8080-exec-5" daemon [_thread_blocked, id=21604, stack(0x0000002b78f00000,0x0000002b79000000)]
  0x0000017cfeafa800 JavaThread "http-nio-8080-exec-6" daemon [_thread_blocked, id=25248, stack(0x0000002b79000000,0x0000002b79100000)]
  0x0000017c80bd1000 JavaThread "http-nio-8080-exec-7" daemon [_thread_blocked, id=2756, stack(0x0000002b79100000,0x0000002b79200000)]
  0x0000017cfe4a8000 JavaThread "http-nio-8080-exec-8" daemon [_thread_blocked, id=15560, stack(0x0000002b79200000,0x0000002b79300000)]
  0x0000017cfe4ab000 JavaThread "http-nio-8080-exec-9" daemon [_thread_blocked, id=22120, stack(0x0000002b79300000,0x0000002b79400000)]
  0x0000017cfe4ac000 JavaThread "http-nio-8080-exec-10" daemon [_thread_blocked, id=14256, stack(0x0000002b79400000,0x0000002b79500000)]
  0x0000017cfe4ac800 JavaThread "http-nio-8080-Poller" daemon [_thread_in_native, id=19880, stack(0x0000002b79500000,0x0000002b79600000)]
  0x0000017cfe4a9800 JavaThread "http-nio-8080-Acceptor" daemon [_thread_in_native, id=17032, stack(0x0000002b79600000,0x0000002b79700000)]
  0x0000017cfe4ad800 JavaThread "DestroyJavaVM" [_thread_blocked, id=22780, stack(0x0000002b77200000,0x0000002b77300000)]

Other Threads:
  0x0000017cf979c000 VMThread "VM Thread" [stack: 0x0000002b77800000,0x0000002b77900000] [id=24856]
  0x0000017cfa261000 WatcherThread [stack: 0x0000002b78100000,0x0000002b78200000] [id=23844]
  0x0000017cdb125000 GCTaskThread "GC Thread#0" [stack: 0x0000002b77300000,0x0000002b77400000] [id=24160]
  0x0000017cfac57000 GCTaskThread "GC Thread#1" [stack: 0x0000002b78300000,0x0000002b78400000] [id=8980]
  0x0000017cfada1000 GCTaskThread "GC Thread#2" [stack: 0x0000002b78400000,0x0000002b78500000] [id=16880]
  0x0000017cfb8c6800 GCTaskThread "GC Thread#3" [stack: 0x0000002b78700000,0x0000002b78800000] [id=21356]
  0x0000017cdb158800 ConcurrentGCThread "G1 Main Marker" [stack: 0x0000002b77400000,0x0000002b77500000] [id=23100]
  0x0000017cdb15a000 ConcurrentGCThread "G1 Conc#0" [stack: 0x0000002b77500000,0x0000002b77600000] [id=10276]
  0x0000017cfb634800 ConcurrentGCThread "G1 Conc#1" [stack: 0x0000002b78800000,0x0000002b78900000] [id=21688]
  0x0000017cdb1e3800 ConcurrentGCThread "G1 Refine#0" [stack: 0x0000002b77600000,0x0000002b77700000] [id=25488]
  0x0000017cdb1e4000 ConcurrentGCThread "G1 Young RemSet Sampling" [stack: 0x0000002b77700000,0x0000002b77800000] [id=21724]

Threads with active compile tasks:
C2 CompilerThread04253       4       java.util.concurrent.ConcurrentHashMap$ValuesView::iterator (34 bytes)

VM state:not at safepoint (normal execution)

VM Mutex/Monitor currently owned by a thread: None

Heap address: 0x0000000083600000, size: 1994 MB, Compressed Oops mode: 32-bit
Narrow klass base: 0x0000000000000000, Narrow klass shift: 3
Compressed class space size: 1073741824 Address: 0x0000000100000000

Heap:
 garbage-first heap   total 155648K, used 76325K [0x0000000083600000, 0x0000000100000000)
  region size 1024K, 72 young (73728K), 8 survivors (8192K)
 Metaspace       used 42954K, capacity 44029K, committed 44160K, reserved 1087488K
  class space    used 4988K, capacity 5427K, committed 5504K, reserved 1048576K
Heap Regions: E=young(eden), S=young(survivor), O=old, HS=humongous(starts), HC=humongous(continues), CS=collection set, F=free, A=archive, TAMS=top-at-mark-start (previous, next)
|   0|0x0000000083600000, 0x0000000083700000, 0x0000000083700000|100%| O|  |TAMS 0x0000000083700000, 0x0000000083600000| Untracked 
|   1|0x0000000083700000, 0x0000000083800000, 0x0000000083800000|100%| O|  |TAMS 0x0000000083800000, 0x0000000083700000| Untracked 
|   2|0x0000000083800000, 0x0000000083900000, 0x0000000083900000|100%| O|  |TAMS 0x0000000083900000, 0x0000000083800000| Untracked 
|   3|0x0000000083900000, 0x0000000083a00000, 0x0000000083a00000|100%| O|  |TAMS 0x0000000083a00000, 0x0000000083900000| Untracked 
|   4|0x0000000083a00000, 0x0000000083a4a000, 0x0000000083b00000| 28%| O|  |TAMS 0x0000000083a4a000, 0x0000000083a00000| Untracked 
|   5|0x0000000083b00000, 0x0000000083b00000, 0x0000000083c00000|  0%| F|  |TAMS 0x0000000083b00000, 0x0000000083b00000| Untracked 
|   6|0x0000000083c00000, 0x0000000083c00000, 0x0000000083d00000|  0%| F|  |TAMS 0x0000000083c00000, 0x0000000083c00000| Untracked 
|   7|0x0000000083d00000, 0x0000000083d00000, 0x0000000083e00000|  0%| F|  |TAMS 0x0000000083d00000, 0x0000000083d00000| Untracked 
|   8|0x0000000083e00000, 0x0000000083e00000, 0x0000000083f00000|  0%| F|  |TAMS 0x0000000083e00000, 0x0000000083e00000| Untracked 
|   9|0x0000000083f00000, 0x0000000083f00000, 0x0000000084000000|  0%| F|  |TAMS 0x0000000083f00000, 0x0000000083f00000| Untracked 
|  10|0x0000000084000000, 0x0000000084000000, 0x0000000084100000|  0%| F|  |TAMS 0x0000000084000000, 0x0000000084000000| Untracked 
|  11|0x0000000084100000, 0x0000000084100000, 0x0000000084200000|  0%| F|  |TAMS 0x0000000084100000, 0x0000000084100000| Untracked 
|  12|0x0000000084200000, 0x0000000084200000, 0x0000000084300000|  0%| F|  |TAMS 0x0000000084200000, 0x0000000084200000| Untracked 
|  13|0x0000000084300000, 0x0000000084300000, 0x0000000084400000|  0%| F|  |TAMS 0x0000000084300000, 0x0000000084300000| Untracked 
|  14|0x0000000084400000, 0x0000000084400000, 0x0000000084500000|  0%| F|  |TAMS 0x0000000084400000, 0x0000000084400000| Untracked 
|  15|0x0000000084500000, 0x0000000084500000, 0x0000000084600000|  0%| F|  |TAMS 0x0000000084500000, 0x0000000084500000| Untracked 
|  16|0x0000000084600000, 0x0000000084600000, 0x0000000084700000|  0%| F|  |TAMS 0x0000000084600000, 0x0000000084600000| Untracked 
|  17|0x0000000084700000, 0x0000000084700000, 0x0000000084800000|  0%| F|  |TAMS 0x0000000084700000, 0x0000000084700000| Untracked 
|  18|0x0000000084800000, 0x0000000084800000, 0x0000000084900000|  0%| F|  |TAMS 0x0000000084800000, 0x0000000084800000| Untracked 
|  19|0x0000000084900000, 0x0000000084900000, 0x0000000084a00000|  0%| F|  |TAMS 0x0000000084900000, 0x0000000084900000| Untracked 
|  20|0x0000000084a00000, 0x0000000084a00000, 0x0000000084b00000|  0%| F|  |TAMS 0x0000000084a00000, 0x0000000084a00000| Untracked 
|  21|0x0000000084b00000, 0x0000000084b00000, 0x0000000084c00000|  0%| F|  |TAMS 0x0000000084b00000, 0x0000000084b00000| Untracked 
|  22|0x0000000084c00000, 0x0000000084c00000, 0x0000000084d00000|  0%| F|  |TAMS 0x0000000084c00000, 0x0000000084c00000| Untracked 
|  23|0x0000000084d00000, 0x0000000084d00000, 0x0000000084e00000|  0%| F|  |TAMS 0x0000000084d00000, 0x0000000084d00000| Untracked 
|  24|0x0000000084e00000, 0x0000000084e00000, 0x0000000084f00000|  0%| F|  |TAMS 0x0000000084e00000, 0x0000000084e00000| Untracked 
|  25|0x0000000084f00000, 0x0000000084f00000, 0x0000000085000000|  0%| F|  |TAMS 0x0000000084f00000, 0x0000000084f00000| Untracked 
|  26|0x0000000085000000, 0x0000000085000000, 0x0000000085100000|  0%| F|  |TAMS 0x0000000085000000, 0x0000000085000000| Untracked 
|  27|0x0000000085100000, 0x0000000085100000, 0x0000000085200000|  0%| F|  |TAMS 0x0000000085100000, 0x0000000085100000| Untracked 
|  28|0x0000000085200000, 0x0000000085200000, 0x0000000085300000|  0%| F|  |TAMS 0x0000000085200000, 0x0000000085200000| Untracked 
|  29|0x0000000085300000, 0x0000000085300000, 0x0000000085400000|  0%| F|  |TAMS 0x0000000085300000, 0x0000000085300000| Untracked 
|  30|0x0000000085400000, 0x0000000085400000, 0x0000000085500000|  0%| F|  |TAMS 0x0000000085400000, 0x0000000085400000| Untracked 
|  31|0x0000000085500000, 0x0000000085500000, 0x0000000085600000|  0%| F|  |TAMS 0x0000000085500000, 0x0000000085500000| Untracked 
|  32|0x0000000085600000, 0x0000000085600000, 0x0000000085700000|  0%| F|  |TAMS 0x0000000085600000, 0x0000000085600000| Untracked 
|  33|0x0000000085700000, 0x0000000085700000, 0x0000000085800000|  0%| F|  |TAMS 0x0000000085700000, 0x0000000085700000| Untracked 
|  34|0x0000000085800000, 0x0000000085800000, 0x0000000085900000|  0%| F|  |TAMS 0x0000000085800000, 0x0000000085800000| Untracked 
|  35|0x0000000085900000, 0x0000000085900000, 0x0000000085a00000|  0%| F|  |TAMS 0x0000000085900000, 0x0000000085900000| Untracked 
|  36|0x0000000085a00000, 0x0000000085a00000, 0x0000000085b00000|  0%| F|  |TAMS 0x0000000085a00000, 0x0000000085a00000| Untracked 
|  37|0x0000000085b00000, 0x0000000085b00000, 0x0000000085c00000|  0%| F|  |TAMS 0x0000000085b00000, 0x0000000085b00000| Untracked 
|  38|0x0000000085c00000, 0x0000000085c00000, 0x0000000085d00000|  0%| F|  |TAMS 0x0000000085c00000, 0x0000000085c00000| Untracked 
|  39|0x0000000085d00000, 0x0000000085d00000, 0x0000000085e00000|  0%| F|  |TAMS 0x0000000085d00000, 0x0000000085d00000| Untracked 
|  40|0x0000000085e00000, 0x0000000085e00000, 0x0000000085f00000|  0%| F|  |TAMS 0x0000000085e00000, 0x0000000085e00000| Untracked 
|  41|0x0000000085f00000, 0x0000000085f00000, 0x0000000086000000|  0%| F|  |TAMS 0x0000000085f00000, 0x0000000085f00000| Untracked 
|  42|0x0000000086000000, 0x0000000086000000, 0x0000000086100000|  0%| F|  |TAMS 0x0000000086000000, 0x0000000086000000| Untracked 
|  43|0x0000000086100000, 0x0000000086100000, 0x0000000086200000|  0%| F|  |TAMS 0x0000000086100000, 0x0000000086100000| Untracked 
|  44|0x0000000086200000, 0x0000000086200000, 0x0000000086300000|  0%| F|  |TAMS 0x0000000086200000, 0x0000000086200000| Untracked 
|  45|0x0000000086300000, 0x0000000086300000, 0x0000000086400000|  0%| F|  |TAMS 0x0000000086300000, 0x0000000086300000| Untracked 
|  46|0x0000000086400000, 0x0000000086400000, 0x0000000086500000|  0%| F|  |TAMS 0x0000000086400000, 0x0000000086400000| Untracked 
|  47|0x0000000086500000, 0x0000000086500000, 0x0000000086600000|  0%| F|  |TAMS 0x0000000086500000, 0x0000000086500000| Untracked 
|  48|0x0000000086600000, 0x0000000086600000, 0x0000000086700000|  0%| F|  |TAMS 0x0000000086600000, 0x0000000086600000| Untracked 
|  49|0x0000000086700000, 0x0000000086700000, 0x0000000086800000|  0%| F|  |TAMS 0x0000000086700000, 0x0000000086700000| Untracked 
|  50|0x0000000086800000, 0x0000000086800000, 0x0000000086900000|  0%| F|  |TAMS 0x0000000086800000, 0x0000000086800000| Untracked 
|  51|0x0000000086900000, 0x0000000086900000, 0x0000000086a00000|  0%| F|  |TAMS 0x0000000086900000, 0x0000000086900000| Untracked 
|  52|0x0000000086a00000, 0x0000000086a00000, 0x0000000086b00000|  0%| F|  |TAMS 0x0000000086a00000, 0x0000000086a00000| Untracked 
|  53|0x0000000086b00000, 0x0000000086b00000, 0x0000000086c00000|  0%| F|  |TAMS 0x0000000086b00000, 0x0000000086b00000| Untracked 
|  54|0x0000000086c00000, 0x0000000086c00000, 0x0000000086d00000|  0%| F|  |TAMS 0x0000000086c00000, 0x0000000086c00000| Untracked 
|  55|0x0000000086d00000, 0x0000000086d00000, 0x0000000086e00000|  0%| F|  |TAMS 0x0000000086d00000, 0x0000000086d00000| Untracked 
|  56|0x0000000086e00000, 0x0000000086e00000, 0x0000000086f00000|  0%| F|  |TAMS 0x0000000086e00000, 0x0000000086e00000| Untracked 
|  57|0x0000000086f00000, 0x0000000086f00000, 0x0000000087000000|  0%| F|  |TAMS 0x0000000086f00000, 0x0000000086f00000| Untracked 
|  58|0x0000000087000000, 0x0000000087000000, 0x0000000087100000|  0%| F|  |TAMS 0x0000000087000000, 0x0000000087000000| Untracked 
|  59|0x0000000087100000, 0x0000000087100000, 0x0000000087200000|  0%| F|  |TAMS 0x0000000087100000, 0x0000000087100000| Untracked 
|  60|0x0000000087200000, 0x0000000087200000, 0x0000000087300000|  0%| F|  |TAMS 0x0000000087200000, 0x0000000087200000| Untracked 
|  61|0x0000000087300000, 0x0000000087300000, 0x0000000087400000|  0%| F|  |TAMS 0x0000000087300000, 0x0000000087300000| Untracked 
|  62|0x0000000087400000, 0x0000000087400000, 0x0000000087500000|  0%| F|  |TAMS 0x0000000087400000, 0x0000000087400000| Untracked 
|  63|0x0000000087500000, 0x0000000087500000, 0x0000000087600000|  0%| F|  |TAMS 0x0000000087500000, 0x0000000087500000| Untracked 
|  64|0x0000000087600000, 0x0000000087600000, 0x0000000087700000|  0%| F|  |TAMS 0x0000000087600000, 0x0000000087600000| Untracked 
|  65|0x0000000087700000, 0x0000000087700000, 0x0000000087800000|  0%| F|  |TAMS 0x0000000087700000, 0x0000000087700000| Untracked 
|  66|0x0000000087800000, 0x0000000087800000, 0x0000000087900000|  0%| F|  |TAMS 0x0000000087800000, 0x0000000087800000| Untracked 
|  67|0x0000000087900000, 0x0000000087900000, 0x0000000087a00000|  0%| F|  |TAMS 0x0000000087900000, 0x0000000087900000| Untracked 
|  68|0x0000000087a00000, 0x0000000087a00000, 0x0000000087b00000|  0%| F|  |TAMS 0x0000000087a00000, 0x0000000087a00000| Untracked 
|  69|0x0000000087b00000, 0x0000000087b00000, 0x0000000087c00000|  0%| F|  |TAMS 0x0000000087b00000, 0x0000000087b00000| Untracked 
|  70|0x0000000087c00000, 0x0000000087c00000, 0x0000000087d00000|  0%| F|  |TAMS 0x0000000087c00000, 0x0000000087c00000| Untracked 
|  71|0x0000000087d00000, 0x0000000087d00000, 0x0000000087e00000|  0%| F|  |TAMS 0x0000000087d00000, 0x0000000087d00000| Untracked 
|  72|0x0000000087e00000, 0x0000000087e00000, 0x0000000087f00000|  0%| F|  |TAMS 0x0000000087e00000, 0x0000000087e00000| Untracked 
|  73|0x0000000087f00000, 0x0000000087f00000, 0x0000000088000000|  0%| F|  |TAMS 0x0000000087f00000, 0x0000000087f00000| Untracked 
|  74|0x0000000088000000, 0x0000000088000000, 0x0000000088100000|  0%| F|  |TAMS 0x0000000088000000, 0x0000000088000000| Untracked 
|  75|0x0000000088100000, 0x0000000088100000, 0x0000000088200000|  0%| F|  |TAMS 0x0000000088100000, 0x0000000088100000| Untracked 
|  76|0x0000000088200000, 0x0000000088200000, 0x0000000088300000|  0%| F|  |TAMS 0x0000000088200000, 0x0000000088200000| Untracked 
|  77|0x0000000088300000, 0x0000000088300000, 0x0000000088400000|  0%| F|  |TAMS 0x0000000088300000, 0x0000000088300000| Untracked 
|  78|0x0000000088400000, 0x0000000088400000, 0x0000000088500000|  0%| F|  |TAMS 0x0000000088400000, 0x0000000088400000| Untracked 
|  79|0x0000000088500000, 0x0000000088500000, 0x0000000088600000|  0%| F|  |TAMS 0x0000000088500000, 0x0000000088500000| Untracked 
|  80|0x0000000088600000, 0x0000000088677fa8, 0x0000000088700000| 46%| E|  |TAMS 0x0000000088600000, 0x0000000088600000| Complete 
|  81|0x0000000088700000, 0x0000000088800000, 0x0000000088800000|100%| E|CS|TAMS 0x0000000088700000, 0x0000000088700000| Complete 
|  82|0x0000000088800000, 0x0000000088900000, 0x0000000088900000|100%| E|CS|TAMS 0x0000000088800000, 0x0000000088800000| Complete 
|  83|0x0000000088900000, 0x0000000088a00000, 0x0000000088a00000|100%| E|CS|TAMS 0x0000000088900000, 0x0000000088900000| Complete 
|  84|0x0000000088a00000, 0x0000000088b00000, 0x0000000088b00000|100%| E|CS|TAMS 0x0000000088a00000, 0x0000000088a00000| Complete 
|  85|0x0000000088b00000, 0x0000000088c00000, 0x0000000088c00000|100%| E|CS|TAMS 0x0000000088b00000, 0x0000000088b00000| Complete 
|  86|0x0000000088c00000, 0x0000000088c3f708, 0x0000000088d00000| 24%| S|CS|TAMS 0x0000000088c00000, 0x0000000088c00000| Complete 
|  87|0x0000000088d00000, 0x0000000088e00000, 0x0000000088e00000|100%| S|CS|TAMS 0x0000000088d00000, 0x0000000088d00000| Complete 
|  88|0x0000000088e00000, 0x0000000088f00000, 0x0000000088f00000|100%| S|CS|TAMS 0x0000000088e00000, 0x0000000088e00000| Complete 
|  89|0x0000000088f00000, 0x0000000089000000, 0x0000000089000000|100%| S|CS|TAMS 0x0000000088f00000, 0x0000000088f00000| Complete 
|  90|0x0000000089000000, 0x0000000089100000, 0x0000000089100000|100%| S|CS|TAMS 0x0000000089000000, 0x0000000089000000| Complete 
|  91|0x0000000089100000, 0x0000000089200000, 0x0000000089200000|100%| S|CS|TAMS 0x0000000089100000, 0x0000000089100000| Complete 
|  92|0x0000000089200000, 0x0000000089300000, 0x0000000089300000|100%| S|CS|TAMS 0x0000000089200000, 0x0000000089200000| Complete 
|  93|0x0000000089300000, 0x0000000089400000, 0x0000000089400000|100%| S|CS|TAMS 0x0000000089300000, 0x0000000089300000| Complete 
|  94|0x0000000089400000, 0x0000000089500000, 0x0000000089500000|100%| E|CS|TAMS 0x0000000089400000, 0x0000000089400000| Complete 
|  95|0x0000000089500000, 0x0000000089600000, 0x0000000089600000|100%| E|CS|TAMS 0x0000000089500000, 0x0000000089500000| Complete 
|  96|0x0000000089600000, 0x0000000089700000, 0x0000000089700000|100%| E|CS|TAMS 0x0000000089600000, 0x0000000089600000| Complete 
|  97|0x0000000089700000, 0x0000000089800000, 0x0000000089800000|100%| E|CS|TAMS 0x0000000089700000, 0x0000000089700000| Complete 
|  98|0x0000000089800000, 0x0000000089900000, 0x0000000089900000|100%| E|CS|TAMS 0x0000000089800000, 0x0000000089800000| Complete 
|  99|0x0000000089900000, 0x0000000089a00000, 0x0000000089a00000|100%| E|CS|TAMS 0x0000000089900000, 0x0000000089900000| Complete 
| 100|0x0000000089a00000, 0x0000000089b00000, 0x0000000089b00000|100%| E|CS|TAMS 0x0000000089a00000, 0x0000000089a00000| Complete 
| 101|0x0000000089b00000, 0x0000000089c00000, 0x0000000089c00000|100%| E|CS|TAMS 0x0000000089b00000, 0x0000000089b00000| Complete 
| 102|0x0000000089c00000, 0x0000000089d00000, 0x0000000089d00000|100%| E|CS|TAMS 0x0000000089c00000, 0x0000000089c00000| Complete 
| 103|0x0000000089d00000, 0x0000000089e00000, 0x0000000089e00000|100%| E|CS|TAMS 0x0000000089d00000, 0x0000000089d00000| Complete 
| 104|0x0000000089e00000, 0x0000000089f00000, 0x0000000089f00000|100%| E|CS|TAMS 0x0000000089e00000, 0x0000000089e00000| Complete 
| 105|0x0000000089f00000, 0x000000008a000000, 0x000000008a000000|100%| E|CS|TAMS 0x0000000089f00000, 0x0000000089f00000| Complete 
| 106|0x000000008a000000, 0x000000008a100000, 0x000000008a100000|100%| E|CS|TAMS 0x000000008a000000, 0x000000008a000000| Complete 
| 107|0x000000008a100000, 0x000000008a200000, 0x000000008a200000|100%| E|CS|TAMS 0x000000008a100000, 0x000000008a100000| Complete 
| 108|0x000000008a200000, 0x000000008a300000, 0x000000008a300000|100%| E|CS|TAMS 0x000000008a200000, 0x000000008a200000| Complete 
| 109|0x000000008a300000, 0x000000008a400000, 0x000000008a400000|100%| E|CS|TAMS 0x000000008a300000, 0x000000008a300000| Complete 
| 110|0x000000008a400000, 0x000000008a500000, 0x000000008a500000|100%| E|CS|TAMS 0x000000008a400000, 0x000000008a400000| Complete 
| 111|0x000000008a500000, 0x000000008a600000, 0x000000008a600000|100%| E|CS|TAMS 0x000000008a500000, 0x000000008a500000| Complete 
| 112|0x000000008a600000, 0x000000008a700000, 0x000000008a700000|100%| E|CS|TAMS 0x000000008a600000, 0x000000008a600000| Complete 
| 113|0x000000008a700000, 0x000000008a800000, 0x000000008a800000|100%| E|CS|TAMS 0x000000008a700000, 0x000000008a700000| Complete 
| 114|0x000000008a800000, 0x000000008a900000, 0x000000008a900000|100%| E|CS|TAMS 0x000000008a800000, 0x000000008a800000| Complete 
| 115|0x000000008a900000, 0x000000008aa00000, 0x000000008aa00000|100%| E|CS|TAMS 0x000000008a900000, 0x000000008a900000| Complete 
| 116|0x000000008aa00000, 0x000000008ab00000, 0x000000008ab00000|100%| E|CS|TAMS 0x000000008aa00000, 0x000000008aa00000| Complete 
| 117|0x000000008ab00000, 0x000000008ac00000, 0x000000008ac00000|100%| E|CS|TAMS 0x000000008ab00000, 0x000000008ab00000| Complete 
| 118|0x000000008ac00000, 0x000000008ad00000, 0x000000008ad00000|100%| E|CS|TAMS 0x000000008ac00000, 0x000000008ac00000| Complete 
| 119|0x000000008ad00000, 0x000000008ae00000, 0x000000008ae00000|100%| E|CS|TAMS 0x000000008ad00000, 0x000000008ad00000| Complete 
| 120|0x000000008ae00000, 0x000000008af00000, 0x000000008af00000|100%| E|CS|TAMS 0x000000008ae00000, 0x000000008ae00000| Complete 
| 121|0x000000008af00000, 0x000000008b000000, 0x000000008b000000|100%| E|CS|TAMS 0x000000008af00000, 0x000000008af00000| Complete 
| 122|0x000000008b000000, 0x000000008b100000, 0x000000008b100000|100%| E|CS|TAMS 0x000000008b000000, 0x000000008b000000| Complete 
| 123|0x000000008b100000, 0x000000008b200000, 0x000000008b200000|100%| E|CS|TAMS 0x000000008b100000, 0x000000008b100000| Complete 
| 124|0x000000008b200000, 0x000000008b300000, 0x000000008b300000|100%| E|CS|TAMS 0x000000008b200000, 0x000000008b200000| Complete 
| 125|0x000000008b300000, 0x000000008b400000, 0x000000008b400000|100%| E|CS|TAMS 0x000000008b300000, 0x000000008b300000| Complete 
| 126|0x000000008b400000, 0x000000008b500000, 0x000000008b500000|100%| E|CS|TAMS 0x000000008b400000, 0x000000008b400000| Complete 
| 127|0x000000008b500000, 0x000000008b600000, 0x000000008b600000|100%| E|CS|TAMS 0x000000008b500000, 0x000000008b500000| Complete 
| 128|0x000000008b600000, 0x000000008b700000, 0x000000008b700000|100%| E|CS|TAMS 0x000000008b600000, 0x000000008b600000| Complete 
| 129|0x000000008b700000, 0x000000008b800000, 0x000000008b800000|100%| E|CS|TAMS 0x000000008b700000, 0x000000008b700000| Complete 
| 130|0x000000008b800000, 0x000000008b900000, 0x000000008b900000|100%| E|CS|TAMS 0x000000008b800000, 0x000000008b800000| Complete 
| 131|0x000000008b900000, 0x000000008ba00000, 0x000000008ba00000|100%| E|CS|TAMS 0x000000008b900000, 0x000000008b900000| Complete 
| 132|0x000000008ba00000, 0x000000008bb00000, 0x000000008bb00000|100%| E|CS|TAMS 0x000000008ba00000, 0x000000008ba00000| Complete 
| 133|0x000000008bb00000, 0x000000008bc00000, 0x000000008bc00000|100%| E|CS|TAMS 0x000000008bb00000, 0x000000008bb00000| Complete 
| 134|0x000000008bc00000, 0x000000008bd00000, 0x000000008bd00000|100%| E|CS|TAMS 0x000000008bc00000, 0x000000008bc00000| Complete 
| 135|0x000000008bd00000, 0x000000008be00000, 0x000000008be00000|100%| E|CS|TAMS 0x000000008bd00000, 0x000000008bd00000| Complete 
| 136|0x000000008be00000, 0x000000008bf00000, 0x000000008bf00000|100%| E|CS|TAMS 0x000000008be00000, 0x000000008be00000| Complete 
| 137|0x000000008bf00000, 0x000000008c000000, 0x000000008c000000|100%| E|CS|TAMS 0x000000008bf00000, 0x000000008bf00000| Complete 
| 138|0x000000008c000000, 0x000000008c100000, 0x000000008c100000|100%| E|CS|TAMS 0x000000008c000000, 0x000000008c000000| Complete 
| 139|0x000000008c100000, 0x000000008c200000, 0x000000008c200000|100%| E|CS|TAMS 0x000000008c100000, 0x000000008c100000| Complete 
| 140|0x000000008c200000, 0x000000008c300000, 0x000000008c300000|100%| E|CS|TAMS 0x000000008c200000, 0x000000008c200000| Complete 
| 141|0x000000008c300000, 0x000000008c400000, 0x000000008c400000|100%| E|CS|TAMS 0x000000008c300000, 0x000000008c300000| Complete 
| 142|0x000000008c400000, 0x000000008c500000, 0x000000008c500000|100%| E|CS|TAMS 0x000000008c400000, 0x000000008c400000| Complete 
| 143|0x000000008c500000, 0x000000008c600000, 0x000000008c600000|100%| E|CS|TAMS 0x000000008c500000, 0x000000008c500000| Complete 
| 144|0x000000008c600000, 0x000000008c700000, 0x000000008c700000|100%| E|CS|TAMS 0x000000008c600000, 0x000000008c600000| Complete 
| 145|0x000000008c700000, 0x000000008c800000, 0x000000008c800000|100%| E|CS|TAMS 0x000000008c700000, 0x000000008c700000| Complete 
| 146|0x000000008c800000, 0x000000008c900000, 0x000000008c900000|100%| E|CS|TAMS 0x000000008c800000, 0x000000008c800000| Complete 
| 147|0x000000008c900000, 0x000000008ca00000, 0x000000008ca00000|100%| E|CS|TAMS 0x000000008c900000, 0x000000008c900000| Complete 
| 148|0x000000008ca00000, 0x000000008cb00000, 0x000000008cb00000|100%| E|CS|TAMS 0x000000008ca00000, 0x000000008ca00000| Complete 
| 149|0x000000008cb00000, 0x000000008cc00000, 0x000000008cc00000|100%| E|CS|TAMS 0x000000008cb00000, 0x000000008cb00000| Complete 
| 150|0x000000008cc00000, 0x000000008cd00000, 0x000000008cd00000|100%| E|CS|TAMS 0x000000008cc00000, 0x000000008cc00000| Complete 
| 151|0x000000008cd00000, 0x000000008ce00000, 0x000000008ce00000|100%| E|CS|TAMS 0x000000008cd00000, 0x000000008cd00000| Complete 

Card table byte_map: [0x0000017cf2930000,0x0000017cf2d20000] _byte_map_base: 0x0000017cf2515000

Marking Bits (Prev, Next): (CMBitMap*) 0x0000017cdb150018, (CMBitMap*) 0x0000017cdb150050
 Prev Bits: [0x0000017cf3110000, 0x0000017cf5038000)
 Next Bits: [0x0000017cf5040000, 0x0000017cf6f68000)

Polling page: 0x0000017cda8d0000

Metaspace:

Usage:
  Non-class:     37.70 MB capacity,    37.08 MB ( 98%) used,   498.34 KB (  1%) free+waste,   137.31 KB ( <1%) overhead. 
      Class:      5.30 MB capacity,     4.87 MB ( 92%) used,   374.38 KB (  7%) free+waste,    64.56 KB (  1%) overhead. 
       Both:     43.00 MB capacity,    41.95 MB ( 98%) used,   872.73 KB (  2%) free+waste,   201.88 KB ( <1%) overhead. 

Virtual space:
  Non-class space:       38.00 MB reserved,      37.75 MB (>99%) committed 
      Class space:        1.00 GB reserved,       5.38 MB ( <1%) committed 
             Both:        1.04 GB reserved,      43.13 MB (  4%) committed 

Chunk freelists:
   Non-Class:  6.75 KB
       Class:  1.63 KB
        Both:  8.38 KB

CodeHeap 'non-profiled nmethods': size=120064Kb used=2007Kb max_used=2365Kb free=118056Kb
 bounds [0x0000017ceaef0000, 0x0000017ceb160000, 0x0000017cf2430000]
CodeHeap 'profiled nmethods': size=120000Kb used=7710Kb max_used=8809Kb free=112289Kb
 bounds [0x0000017ce39c0000, 0x0000017ce4260000, 0x0000017ceaef0000]
CodeHeap 'non-nmethods': size=5696Kb used=1177Kb max_used=1198Kb free=4518Kb
 bounds [0x0000017ce3430000, 0x0000017ce36a0000, 0x0000017ce39c0000]
 total_blobs=5916 nmethods=3544 adapters=433
 compilation: enabled
              stopped_count=0, restarted_count=0
 full_count=0

Compilation events (10 events):
Event: 27023.688 Thread 0x0000017cf97d0800 nmethod 4248 0x0000017ceaf70090 code [0x0000017ceaf70220, 0x0000017ceaf70418]
Event: 30138.328 Thread 0x0000017cf97d0800 4249       4       java.util.concurrent.locks.AbstractQueuedSynchronizer$ConditionObject::awaitNanos (181 bytes)
Event: 30138.346 Thread 0x0000017cf97d0800 nmethod 4249 0x0000017ceaf81c90 code [0x0000017ceaf81ea0, 0x0000017ceaf82fe0]
Event: 30750.826 Thread 0x0000017cf97d0800 4250       4       org.apache.catalina.webresources.StandardRoot::gc (70 bytes)
Event: 30750.836 Thread 0x0000017cf97d0800 nmethod 4250 0x0000017ceafbd610 code [0x0000017ceafbd7e0, 0x0000017ceafbdd58]
Event: 36007.791 Thread 0x0000017cf97d0800 4251       4       java.util.concurrent.ConcurrentHashMap::values (25 bytes)
Event: 36007.792 Thread 0x0000017cf97d0800 nmethod 4251 0x0000017ceaf6fc10 code [0x0000017ceaf6fda0, 0x0000017ceaf6ffb8]
Event: 40784.119 Thread 0x0000017cf97d0800 4252       4       java.util.concurrent.ConcurrentHashMap$CollectionView::toArray (204 bytes)
Event: 40784.142 Thread 0x0000017cf97d0800 nmethod 4252 0x0000017ceafd1b10 code [0x0000017ceafd1d20, 0x0000017ceafd2e98]
Event: 45460.303 Thread 0x0000017cf97d0800 4253       4       java.util.concurrent.ConcurrentHashMap$ValuesView::iterator (34 bytes)

GC Heap History (10 events):
Event: 0.562 GC heap before
{Heap before GC invocations=0 (full 0):
 garbage-first heap   total 129024K, used 22528K [0x0000000083600000, 0x0000000100000000)
  region size 1024K, 22 young (22528K), 0 survivors (0K)
 Metaspace       used 11758K, capacity 12018K, committed 12288K, reserved 1060864K
  class space    used 1162K, capacity 1252K, committed 1280K, reserved 1048576K
}
Event: 0.569 GC heap after
{Heap after GC invocations=1 (full 0):
 garbage-first heap   total 129024K, used 4386K [0x0000000083600000, 0x0000000100000000)
  region size 1024K, 3 young (3072K), 3 survivors (3072K)
 Metaspace       used 11758K, capacity 12018K, committed 12288K, reserved 1060864K
  class space    used 1162K, capacity 1252K, committed 1280K, reserved 1048576K
}
Event: 0.841 GC heap before
{Heap before GC invocations=1 (full 0):
 garbage-first heap   total 129024K, used 20770K [0x0000000083600000, 0x0000000100000000)
  region size 1024K, 19 young (19456K), 3 survivors (3072K)
 Metaspace       used 15994K, capacity 16480K, committed 16512K, reserved 1064960K
  class space    used 1708K, capacity 1896K, committed 1920K, reserved 1048576K
}
Event: 0.848 GC heap after
{Heap after GC invocations=2 (full 0):
 garbage-first heap   total 129024K, used 5678K [0x0000000083600000, 0x0000000100000000)
  region size 1024K, 2 young (2048K), 2 survivors (2048K)
 Metaspace       used 15994K, capacity 16480K, committed 16512K, reserved 1064960K
  class space    used 1708K, capacity 1896K, committed 1920K, reserved 1048576K
}
Event: 1.291 GC heap before
{Heap before GC invocations=2 (full 0):
 garbage-first heap   total 129024K, used 27182K [0x0000000083600000, 0x0000000100000000)
  region size 1024K, 24 young (24576K), 2 survivors (2048K)
 Metaspace       used 20569K, capacity 21089K, committed 21248K, reserved 1069056K
  class space    used 2216K, capacity 2434K, committed 2560K, reserved 1048576K
}
Event: 1.294 GC heap after
{Heap after GC invocations=3 (full 0):
 garbage-first heap   total 129024K, used 6233K [0x0000000083600000, 0x0000000100000000)
  region size 1024K, 2 young (2048K), 2 survivors (2048K)
 Metaspace       used 20569K, capacity 21089K, committed 21248K, reserved 1069056K
  class space    used 2216K, capacity 2434K, committed 2560K, reserved 1048576K
}
Event: 2.645 GC heap before
{Heap before GC invocations=4 (full 0):
 garbage-first heap   total 129024K, used 66649K [0x0000000083600000, 0x0000000100000000)
  region size 1024K, 61 young (62464K), 2 survivors (2048K)
 Metaspace       used 28881K, capacity 29566K, committed 29696K, reserved 1075200K
  class space    used 3287K, capacity 3569K, committed 3584K, reserved 1048576K
}
Event: 2.651 GC heap after
{Heap after GC invocations=5 (full 0):
 garbage-first heap   total 129024K, used 9126K [0x0000000083600000, 0x0000000100000000)
  region size 1024K, 5 young (5120K), 5 survivors (5120K)
 Metaspace       used 28881K, capacity 29566K, committed 29696K, reserved 1075200K
  class space    used 3287K, capacity 3569K, committed 3584K, reserved 1048576K
}
Event: 3.603 GC heap before
{Heap before GC invocations=5 (full 0):
 garbage-first heap   total 129024K, used 40870K [0x0000000083600000, 0x0000000100000000)
  region size 1024K, 37 young (37888K), 5 survivors (5120K)
 Metaspace       used 34867K, capacity 35722K, committed 35840K, reserved 1081344K
  class space    used 3981K, capacity 4330K, committed 4352K, reserved 1048576K
}
Event: 3.613 GC heap after
{Heap after GC invocations=6 (full 0):
 garbage-first heap   total 155648K, used 11813K [0x0000000083600000, 0x0000000100000000)
  region size 1024K, 8 young (8192K), 8 survivors (8192K)
 Metaspace       used 34867K, capacity 35722K, committed 35840K, reserved 1081344K
  class space    used 3981K, capacity 4330K, committed 4352K, reserved 1048576K
}

Deoptimization events (10 events):
Event: 31.024 Thread 0x0000017cfd120800 Uncommon trap: reason=unstable_if action=reinterpret pc=0x0000017ceb06b37c method=java.util.Properties.load0(Ljava/util/Properties$LineReader;)V @ 80 c2
Event: 35.137 Thread 0x0000017cfd008000 Uncommon trap: reason=unstable_if action=reinterpret pc=0x0000017ceaf14b04 method=java.lang.AbstractStringBuilder.append(Ljava/lang/String;)Ljava/lang/AbstractStringBuilder; @ 1 c2
Event: 35.137 Thread 0x0000017cfd008000 Uncommon trap: reason=unstable_if action=reinterpret pc=0x0000017ceb0921c4 method=java.lang.CharacterDataLatin1.digit(II)I @ 12 c2
Event: 4744.331 Thread 0x0000017cfd124800 Uncommon trap: reason=unstable_if action=reinterpret pc=0x0000017ceaf89834 method=java.util.concurrent.ScheduledThreadPoolExecutor$DelayedWorkQueue.siftDown(ILjava/util/concurrent/RunnableScheduledFuture;)V @ 40 c2
Event: 5381.331 Thread 0x0000017cfe663000 Uncommon trap: reason=profile_predicate action=maybe_recompile pc=0x0000017ceaf99db4 method=java.util.concurrent.ConcurrentHashMap$Traverser.advance()Ljava/util/concurrent/ConcurrentHashMap$Node; @ 15 c2
Event: 5382.340 Thread 0x0000017cfe663000 Uncommon trap: reason=profile_predicate action=maybe_recompile pc=0x0000017ceaf99db4 method=java.util.concurrent.ConcurrentHashMap$Traverser.advance()Ljava/util/concurrent/ConcurrentHashMap$Node; @ 15 c2
Event: 5383.336 Thread 0x0000017cfe663000 Uncommon trap: reason=profile_predicate action=maybe_recompile pc=0x0000017ceaf99db4 method=java.util.concurrent.ConcurrentHashMap$Traverser.advance()Ljava/util/concurrent/ConcurrentHashMap$Node; @ 15 c2
Event: 5384.337 Thread 0x0000017cfd124800 Uncommon trap: reason=profile_predicate action=maybe_recompile pc=0x0000017ceaf99db4 method=java.util.concurrent.ConcurrentHashMap$Traverser.advance()Ljava/util/concurrent/ConcurrentHashMap$Node; @ 15 c2
Event: 24773.335 Thread 0x0000017cfd124800 Uncommon trap: reason=unstable_if action=reinterpret pc=0x0000017ceaf70038 method=java.util.concurrent.locks.AbstractQueuedSynchronizer.acquireQueued(Ljava/util/concurrent/locks/AbstractQueuedSynchronizer$Node;I)Z @ 14 c2
Event: 26353.672 Thread 0x0000017cfe663000 Uncommon trap: reason=unstable_if action=reinterpret pc=0x0000017ceaf82cac method=java.util.concurrent.locks.AbstractQueuedSynchronizer$ConditionObject.awaitNanos(J)J @ 79 c2

Classes redefined (0 events):
No events

Internal exceptions (10 events):
Event: 30.982 Thread 0x0000017cfd120800 Exception <a 'java/net/SocketTimeoutException'{0x0000000089d3f1f0}: Read timed out> (0x0000000089d3f1f0) thrown at [t:/workspace/open/src/hotspot/share/prims/jni.cpp, line 636]
Event: 30.985 Thread 0x0000017cfd120800 Exception <a 'java/lang/reflect/InvocationTargetException'{0x0000000089d567b0}> (0x0000000089d567b0) thrown at [t:/workspace/open/src/hotspot/share/runtime/reflection.cpp, line 1242]
Event: 30.992 Thread 0x0000017cfd120800 Exception <a 'java/lang/NoClassDefFoundError'{0x0000000089c1a468}: sun/reflect/Reflection> (0x0000000089c1a468) thrown at [t:/workspace/open/src/hotspot/share/classfile/systemDictionary.cpp, line 220]
Event: 35.137 Thread 0x0000017cfd008000 Implicit null exception at 0x0000017ceaf14592 to 0x0000017ceaf14aee
Event: 54.959 Thread 0x0000017cfd008000 Exception <a 'java/net/SocketTimeoutException'{0x0000000089a85a88}: Read timed out> (0x0000000089a85a88) thrown at [t:/workspace/open/src/hotspot/share/prims/jni.cpp, line 636]
Event: 54.961 Thread 0x0000017cfd008000 Exception <a 'java/lang/reflect/InvocationTargetException'{0x0000000089a9c728}> (0x0000000089a9c728) thrown at [t:/workspace/open/src/hotspot/share/runtime/reflection.cpp, line 1242]
Event: 5381.331 Thread 0x0000017cfe663000 Implicit null exception at 0x0000017ceaf99b9d to 0x0000017ceaf99da2
Event: 5382.340 Thread 0x0000017cfe663000 Implicit null exception at 0x0000017ceaf99b9d to 0x0000017ceaf99da2
Event: 5383.336 Thread 0x0000017cfe663000 Implicit null exception at 0x0000017ceaf99b9d to 0x0000017ceaf99da2
Event: 5384.337 Thread 0x0000017cfd124800 Implicit null exception at 0x0000017ceaf99b9d to 0x0000017ceaf99da2

Events (10 events):
Event: 26696.335 Thread 0x0000017cf97d5000 flushing nmethod 0x0000017ce39cf590
Event: 26696.335 Thread 0x0000017cf97d5000 flushing nmethod 0x0000017ce39efe90
Event: 26775.560 Thread 0x0000017cf97d5000 flushing nmethod 0x0000017ce3aa8990
Event: 26905.733 Thread 0x0000017cf97d5000 flushing nmethod 0x0000017ceaf6f790
Event: 26905.734 Thread 0x0000017cf97d5000 flushing nmethod 0x0000017ceaf81c90
Event: 26905.736 Thread 0x0000017cf97d5000 flushing nmethod 0x0000017ce4259090
Event: 27023.688 Thread 0x0000017cf97d5000 flushing nmethod 0x0000017ce3a5fc10
Event: 30138.347 Thread 0x0000017cf97d5000 flushing nmethod 0x0000017ce3ab6610
Event: 30750.837 Thread 0x0000017cf97d5000 flushing nmethod 0x0000017ce3abb510
Event: 36007.793 Thread 0x0000017cf97d5000 flushing nmethod 0x0000017ce39e5310


Dynamic libraries:
0x00007ff647d60000 - 0x00007ff647da5000 	C:\Program Files\Java\jdk-11.0.2\bin\java.exe
0x00007ff90d010000 - 0x00007ff90d208000 	C:\WINDOWS\SYSTEM32\ntdll.dll
0x00007ff90b260000 - 0x00007ff90b31f000 	C:\WINDOWS\System32\KERNEL32.DLL
0x00007ff90a990000 - 0x00007ff90ac86000 	C:\WINDOWS\System32\KERNELBASE.dll
0x00007ff90ca60000 - 0x00007ff90cbfd000 	C:\WINDOWS\System32\USER32.dll
0x00007ff90a840000 - 0x00007ff90a862000 	C:\WINDOWS\System32\win32u.dll
0x00007ff90ccb0000 - 0x00007ff90ccdc000 	C:\WINDOWS\System32\GDI32.dll
0x00007ff90a870000 - 0x00007ff90a985000 	C:\WINDOWS\System32\gdi32full.dll
0x00007ff90ae40000 - 0x00007ff90aedd000 	C:\WINDOWS\System32\msvcp_win.dll
0x00007ff90aee0000 - 0x00007ff90afe0000 	C:\WINDOWS\System32\ucrtbase.dll
0x00007ff8fc310000 - 0x00007ff8fc5aa000 	C:\WINDOWS\WinSxS\amd64_microsoft.windows.common-controls_6595b64144ccf1df_6.0.19041.1110_none_60b5254171f9507e\COMCTL32.dll
0x00007ff90bb80000 - 0x00007ff90bc1e000 	C:\WINDOWS\System32\msvcrt.dll
0x00007ff90cce0000 - 0x00007ff90cd10000 	C:\WINDOWS\System32\IMM32.DLL
0x00007ff8e0a80000 - 0x00007ff8e0a96000 	C:\Program Files\Java\jdk-11.0.2\bin\vcruntime140.dll
0x00007ff8d5ca0000 - 0x00007ff8d5d4a000 	C:\Program Files\Java\jdk-11.0.2\bin\msvcp140.dll
0x00007ff8cbf70000 - 0x00007ff8cca93000 	C:\Program Files\Java\jdk-11.0.2\bin\server\jvm.dll
0x00007ff90b6e0000 - 0x00007ff90b78f000 	C:\WINDOWS\System32\ADVAPI32.dll
0x00007ff90cd80000 - 0x00007ff90ce1c000 	C:\WINDOWS\System32\sechost.dll
0x00007ff90c1e0000 - 0x00007ff90c306000 	C:\WINDOWS\System32\RPCRT4.dll
0x00007ff90b070000 - 0x00007ff90b078000 	C:\WINDOWS\System32\PSAPI.DLL
0x00007ff905690000 - 0x00007ff90569a000 	C:\WINDOWS\SYSTEM32\VERSION.dll
0x00007ff8fe640000 - 0x00007ff8fe667000 	C:\WINDOWS\SYSTEM32\WINMM.dll
0x00007ff9062a0000 - 0x00007ff9062a9000 	C:\WINDOWS\SYSTEM32\WSOCK32.dll
0x00007ff90cd10000 - 0x00007ff90cd7b000 	C:\WINDOWS\System32\WS2_32.dll
0x00007ff9085c0000 - 0x00007ff9085d2000 	C:\WINDOWS\SYSTEM32\kernel.appcore.dll
0x00007ff8e0a60000 - 0x00007ff8e0a71000 	C:\Program Files\Java\jdk-11.0.2\bin\verify.dll
0x00007ff8f2c60000 - 0x00007ff8f2e44000 	C:\WINDOWS\SYSTEM32\DBGHELP.DLL
0x00007ff8f2b30000 - 0x00007ff8f2b64000 	C:\WINDOWS\SYSTEM32\dbgcore.DLL
0x00007ff90afe0000 - 0x00007ff90b062000 	C:\WINDOWS\System32\bcryptPrimitives.dll
0x00007ff8e0910000 - 0x00007ff8e0938000 	C:\Program Files\Java\jdk-11.0.2\bin\java.dll
0x00007ff8e08f0000 - 0x00007ff8e0906000 	C:\Program Files\Java\jdk-11.0.2\bin\zip.dll
0x00007ff906290000 - 0x00007ff90629a000 	C:\Program Files\Java\jdk-11.0.2\bin\jimage.dll
0x00007ff90c310000 - 0x00007ff90ca54000 	C:\WINDOWS\System32\SHELL32.dll
0x00007ff9087c0000 - 0x00007ff908f53000 	C:\WINDOWS\SYSTEM32\windows.storage.dll
0x00007ff90b790000 - 0x00007ff90bae4000 	C:\WINDOWS\System32\combase.dll
0x00007ff90a060000 - 0x00007ff90a08e000 	C:\WINDOWS\SYSTEM32\Wldp.dll
0x00007ff90cc00000 - 0x00007ff90ccad000 	C:\WINDOWS\System32\SHCORE.dll
0x00007ff90c0b0000 - 0x00007ff90c105000 	C:\WINDOWS\System32\shlwapi.dll
0x00007ff90a630000 - 0x00007ff90a64f000 	C:\WINDOWS\SYSTEM32\profapi.dll
0x00007ff8e0810000 - 0x00007ff8e0829000 	C:\Program Files\Java\jdk-11.0.2\bin\net.dll
0x00007ff8fccd0000 - 0x00007ff8fcebc000 	C:\WINDOWS\SYSTEM32\urlmon.dll
0x00007ff9057c0000 - 0x00007ff9058ca000 	C:\WINDOWS\SYSTEM32\WINHTTP.dll
0x00007ff8fea70000 - 0x00007ff8fed21000 	C:\WINDOWS\SYSTEM32\iertutil.dll
0x00007ff8fcca0000 - 0x00007ff8fccc8000 	C:\WINDOWS\SYSTEM32\srvcli.dll
0x00007ff909bc0000 - 0x00007ff909bcc000 	C:\WINDOWS\SYSTEM32\netutils.dll
0x00007ff909dc0000 - 0x00007ff909e2a000 	C:\WINDOWS\system32\mswsock.dll
0x00007ff8e0490000 - 0x00007ff8e04a3000 	C:\Program Files\Java\jdk-11.0.2\bin\nio.dll
0x00007ff8f31b0000 - 0x00007ff8f31b9000 	C:\Program Files\Java\jdk-11.0.2\bin\management.dll
0x00007ff8f1920000 - 0x00007ff8f192c000 	C:\Program Files\Java\jdk-11.0.2\bin\management_ext.dll
0x00007ff8f5250000 - 0x00007ff8f5267000 	C:\WINDOWS\system32\napinsp.dll
0x00007ff8f51e0000 - 0x00007ff8f51fb000 	C:\WINDOWS\system32\pnrpnsp.dll
0x00007ff8efac0000 - 0x00007ff8efad5000 	C:\WINDOWS\system32\wshbth.dll
0x00007ff9061b0000 - 0x00007ff9061cd000 	C:\WINDOWS\system32\NLAapi.dll
0x00007ff909ab0000 - 0x00007ff909aec000 	C:\WINDOWS\SYSTEM32\IPHLPAPI.DLL
0x00007ff909af0000 - 0x00007ff909bba000 	C:\WINDOWS\SYSTEM32\DNSAPI.dll
0x00007ff90b3f0000 - 0x00007ff90b3f8000 	C:\WINDOWS\System32\NSI.dll
0x00007ff8efaa0000 - 0x00007ff8efab2000 	C:\WINDOWS\System32\winrnr.dll
0x00007ff9038e0000 - 0x00007ff9038ea000 	C:\Windows\System32\rasadhlp.dll
0x00007ff904710000 - 0x00007ff904792000 	C:\WINDOWS\System32\fwpuclnt.dll
0x00007ff90a760000 - 0x00007ff90a787000 	C:\WINDOWS\System32\bcrypt.dll
0x00007ff909fb0000 - 0x00007ff909fc8000 	C:\WINDOWS\SYSTEM32\CRYPTSP.dll
0x00007ff9096e0000 - 0x00007ff909714000 	C:\WINDOWS\system32\rsaenh.dll
0x00007ff90a5f0000 - 0x00007ff90a61e000 	C:\WINDOWS\SYSTEM32\USERENV.dll
0x00007ff909fd0000 - 0x00007ff909fdc000 	C:\WINDOWS\SYSTEM32\CRYPTBASE.dll
0x00007ff904d90000 - 0x00007ff904da7000 	C:\WINDOWS\SYSTEM32\dhcpcsvc6.DLL
0x00007ff904d70000 - 0x00007ff904d8d000 	C:\WINDOWS\SYSTEM32\dhcpcsvc.DLL
0x00007ff8e2a20000 - 0x00007ff8e2a2d000 	C:\Program Files\Java\jdk-11.0.2\bin\sunmscapi.dll
0x00007ff90ac90000 - 0x00007ff90adee000 	C:\WINDOWS\System32\CRYPT32.dll
0x00007ff90a0d0000 - 0x00007ff90a0f8000 	C:\WINDOWS\SYSTEM32\ncrypt.dll
0x00007ff90a090000 - 0x00007ff90a0cb000 	C:\WINDOWS\SYSTEM32\NTASN1.dll
0x00007ff8dc1c0000 - 0x00007ff8dc1e7000 	C:\Program Files\Java\jdk-11.0.2\bin\sunec.dll

dbghelp: loaded successfully - version: 4.0.5 - missing functions: none
symbol engine: initialized successfully - sym options: 0x614 - pdb path: .;C:\Program Files\Java\jdk-11.0.2\bin;C:\WINDOWS\SYSTEM32;C:\WINDOWS\WinSxS\amd64_microsoft.windows.common-controls_6595b64144ccf1df_6.0.19041.1110_none_60b5254171f9507e;C:\Program Files\Java\jdk-11.0.2\bin\server

VM Arguments:
jvm_args: -Dfile.encoding=x-windows-949 -Duser.country=KR -Duser.language=ko -Duser.variant 
java_command: com.community.hoxy.HoxyApplication
java_class_path (initial): C:\Users\KOSCOM\Desktop\각종자료\개인자료\hoxy\build\classes\java\main;C:\Users\KOSCOM\Desktop\각종자료\개인자료\hoxy\build\resources\main;C:\Users\KOSCOM\.gradle\caches\modules-2\files-2.1\org.springframework.boot\spring-boot-starter-web\2.7.16\f6e4e226b0c9c1cf36c17c04262c702c6a0bad99\spring-boot-starter-web-2.7.16.jar;C:\Users\KOSCOM\.gradle\caches\modules-2\files-2.1\org.apache.tomcat.embed\tomcat-embed-jasper\9.0.80\fc3dd6224b995d64b673545260e36bf9c83b86ac\tomcat-embed-jasper-9.0.80.jar;C:\Users\KOSCOM\.gradle\caches\modules-2\files-2.1\org.springframework.boot\spring-boot-starter-mail\2.7.16\18371f9072ff8a5361aba560094f48ea88c17479\spring-boot-starter-mail-2.7.16.jar;C:\Users\KOSCOM\.gradle\caches\modules-2\files-2.1\org.springframework.boot\spring-boot-starter-thymeleaf\2.7.16\c42973a019da69fd23bbad307c190090910a2d03\spring-boot-starter-thymeleaf-2.7.16.jar;C:\Users\KOSCOM\.gradle\caches\modules-2\files-2.1\org.springframework.boot\spring-boot-starter-json\2.7.16\c9eb703f57c75b92139f1e34092de4c34111f3fc\spring-boot-starter-json-2.7.16.jar;C:\Users\KOSCOM\.gradle\caches\modules-2\files-2.1\org.springframework.boot\spring-boot-starter\2.7.16\f80dbc197a703fbeb1a932a9a57a20d318ea475\spring-boot-starter-2.7.16.jar;C:\Users\KOSCOM\.gradle\caches\modules-2\files-2.1\org.springframework.boot\spring-boot-starter-tomcat\2.7.16\a1a152bf27d592d98edcb1e9b9d57d881ed155d\spring-boot-starter-tomcat-2.7.16.jar;C:\Users\KOSCOM\.gradle\caches\modules-2\files-2.1\org.springframework\spring-webmvc\5.3.30\67ad9ebc6189c91942a52328f58d824cd3171fd9\spring-webmvc-5.3.30.jar;C:\Users\KOSCOM\.gradle\caches\modules-2\files-2.1\org.springframework\spring-web\5.3.30\e1a1fd179650d4ccbf95d3f475bf1050a1a84484\spring-web-5.3.30.jar;C:\Users\KOSCOM\.gradle\caches\modules-2\files-2.1\org.apache.tomcat.embed\tomcat-embed-websocket\9.0.80\d5846742e4cadd827e495dac086ecbbfca2a41da\tomcat-embed-websocket-9.0.80.jar;C:\Users\KOSCOM\.gradle\caches\modules-2\files-2.1\org.apa
Launcher Type: SUN_STANDARD

[Global flags]
     intx CICompilerCount                          = 3                                         {product} {ergonomic}
     uint ConcGCThreads                            = 2                                         {product} {ergonomic}
     uint G1ConcRefinementThreads                  = 6                                         {product} {ergonomic}
   size_t G1HeapRegionSize                         = 1048576                                   {product} {ergonomic}
    uintx GCDrainStackTargetSize                   = 64                                        {product} {ergonomic}
   size_t InitialHeapSize                          = 132120576                                 {product} {ergonomic}
   size_t MarkStackSize                            = 4194304                                   {product} {ergonomic}
   size_t MaxHeapSize                              = 2090860544                                {product} {ergonomic}
   size_t MaxNewSize                               = 1254096896                                {product} {ergonomic}
   size_t MinHeapDeltaBytes                        = 1048576                                   {product} {ergonomic}
    uintx NonNMethodCodeHeapSize                   = 5830092                                {pd product} {ergonomic}
    uintx NonProfiledCodeHeapSize                  = 122914074                              {pd product} {ergonomic}
    uintx ProfiledCodeHeapSize                     = 122914074                              {pd product} {ergonomic}
    uintx ReservedCodeCacheSize                    = 251658240                              {pd product} {ergonomic}
     bool SegmentedCodeCache                       = true                                      {product} {ergonomic}
     bool UseCompressedClassPointers               = true                                 {lp64_product} {ergonomic}
     bool UseCompressedOops                        = true                                 {lp64_product} {ergonomic}
     bool UseG1GC                                  = true                                      {product} {ergonomic}
     bool UseLargePagesIndividualAllocation        = false                                  {pd product} {ergonomic}

Logging:
Log output configuration:
 #0: stdout all=warning uptime,level,tags
 #1: stderr all=off uptime,level,tags

Environment Variables:
JAVA_HOME=C:\Program Files\Java\jdk1.8.0_281
CLASSPATH=%classpath%;.;.;.
PATH=C:\Program Files (x86)\Common Files\Oracle\Java\javapath;C:\WINDOWS\system32;C:\WINDOWS;C:\WINDOWS\System32\Wbem;C:\WINDOWS\System32\WindowsPowerShell\v1.0\;C:\WINDOWS\System32\OpenSSH\;C:\Program Files\Java\jdk1.8.0_281\bin\;C:\Program Files (x86)\ZeinSoft\ComVoy\2.0\agent;C:\OpenSSL\bin;C:\Program Files (x86)\Git\cmd;C:\Program Files\dotnet\;C:\Program Files (x86)\ZeinSoft\ComVoy\agent;C:\Users\KOSCOM\AppData\Local\Microsoft\WindowsApps;;C:\Program Files\JetBrains\IntelliJ IDEA Community Edition 2021.2\bin;;C:\Users\KOSCOM\AppData\Local\Programs\Microsoft VS Code\bin;C:\Program Files (x86)\ESTsoft\ALSee\x64
USERNAME=KOSCOM
OS=Windows_NT
PROCESSOR_IDENTIFIER=Intel64 Family 6 Model 158 Stepping 10, GenuineIntel



---------------  S Y S T E M  ---------------

OS: Windows 10 , 64 bit Build 19041 (10.0.19041.3031)

CPU:total 6 (initial active 6) (6 cores per cpu, 1 threads per core) family 6 model 158 stepping 10, cmov, cx8, fxsr, mmx, sse, sse2, sse3, ssse3, sse4.1, sse4.2, popcnt, avx, avx2, aes, clmul, erms, rtm, 3dnowpref, lzcnt, tsc, tscinvbit, bmi1, bmi2, adx, fma

Memory: 4k page, system-wide physical 7973M (1911M free)
TotalPageFile size 32549M (AvailPageFile size 0M)
current process WorkingSet (physical memory assigned to process): 57M, peak: 249M
current process commit charge ("private bytes"): 291M, peak: 342M

vm_info: OpenJDK 64-Bit Server VM (11.0.2+9) for windows-amd64 JRE (11.0.2+9), built on Jan 18 2019 05:23:22 by "mach5one" with MS VC++ 15.5 (VS2017)

END.
